{"F:\\donusum\\haldeki-love\\haldeki-market\\src\\lib\\csvParser.ts": {"path":"F:\\donusum\\haldeki-love\\haldeki-market\\src\\lib\\csvParser.ts","statementMap":{"0":{"start":{"line":14,"column":30},"end":{"line":14,"column":null}},"1":{"start":{"line":19,"column":29},"end":{"line":19,"column":null}},"2":{"start":{"line":40,"column":43},"end":{"line":76,"column":null}},"3":{"start":{"line":81,"column":25},"end":{"line":81,"column":null}},"4":{"start":{"line":94,"column":67},"end":{"line":94,"column":null}},"5":{"start":{"line":96,"column":2},"end":{"line":241,"column":null}},"6":{"start":{"line":98,"column":4},"end":{"line":112,"column":null}},"7":{"start":{"line":99,"column":6},"end":{"line":110,"column":null}},"8":{"start":{"line":111,"column":6},"end":{"line":111,"column":null}},"9":{"start":{"line":115,"column":22},"end":{"line":115,"column":null}},"10":{"start":{"line":116,"column":4},"end":{"line":130,"column":null}},"11":{"start":{"line":117,"column":6},"end":{"line":128,"column":null}},"12":{"start":{"line":129,"column":6},"end":{"line":129,"column":null}},"13":{"start":{"line":133,"column":4},"end":{"line":240,"column":null}},"14":{"start":{"line":139,"column":8},"end":{"line":224,"column":null}},"15":{"start":{"line":141,"column":23},"end":{"line":141,"column":35}},"16":{"start":{"line":143,"column":10},"end":{"line":157,"column":null}},"17":{"start":{"line":144,"column":12},"end":{"line":155,"column":null}},"18":{"start":{"line":156,"column":12},"end":{"line":156,"column":null}},"19":{"start":{"line":160,"column":26},"end":{"line":160,"column":51}},"20":{"start":{"line":161,"column":32},"end":{"line":161,"column":null}},"21":{"start":{"line":164,"column":33},"end":{"line":164,"column":null}},"22":{"start":{"line":164,"column":64},"end":{"line":164,"column":83}},"23":{"start":{"line":165,"column":10},"end":{"line":179,"column":null}},"24":{"start":{"line":166,"column":12},"end":{"line":177,"column":null}},"25":{"start":{"line":178,"column":12},"end":{"line":178,"column":null}},"26":{"start":{"line":182,"column":43},"end":{"line":182,"column":45}},"27":{"start":{"line":183,"column":51},"end":{"line":183,"column":53}},"28":{"start":{"line":185,"column":10},"end":{"line":202,"column":null}},"29":{"start":{"line":185,"column":23},"end":{"line":185,"column":26}},"30":{"start":{"line":186,"column":27},"end":{"line":186,"column":34}},"31":{"start":{"line":187,"column":29},"end":{"line":187,"column":36}},"32":{"start":{"line":190,"column":12},"end":{"line":192,"column":null}},"33":{"start":{"line":191,"column":14},"end":{"line":191,"column":null}},"34":{"start":{"line":195,"column":30},"end":{"line":195,"column":null}},"35":{"start":{"line":197,"column":12},"end":{"line":201,"column":null}},"36":{"start":{"line":198,"column":14},"end":{"line":198,"column":null}},"37":{"start":{"line":200,"column":14},"end":{"line":200,"column":null}},"38":{"start":{"line":204,"column":10},"end":{"line":210,"column":null}},"39":{"start":{"line":212,"column":10},"end":{"line":223,"column":null}},"40":{"start":{"line":227,"column":8},"end":{"line":238,"column":null}},"41":{"start":{"line":248,"column":41},"end":{"line":248,"column":null}},"42":{"start":{"line":250,"column":2},"end":{"line":259,"column":null}},"43":{"start":{"line":251,"column":4},"end":{"line":251,"column":null}},"44":{"start":{"line":251,"column":17},"end":{"line":251,"column":null}},"45":{"start":{"line":253,"column":29},"end":{"line":253,"column":null}},"46":{"start":{"line":254,"column":22},"end":{"line":254,"column":50}},"47":{"start":{"line":256,"column":4},"end":{"line":258,"column":null}},"48":{"start":{"line":257,"column":6},"end":{"line":257,"column":null}},"49":{"start":{"line":261,"column":2},"end":{"line":261,"column":null}},"50":{"start":{"line":272,"column":43},"end":{"line":272,"column":45}},"51":{"start":{"line":275,"column":17},"end":{"line":278,"column":null}},"52":{"start":{"line":276,"column":23},"end":{"line":276,"column":39}},"53":{"start":{"line":277,"column":4},"end":{"line":277,"column":null}},"54":{"start":{"line":281,"column":15},"end":{"line":281,"column":null}},"55":{"start":{"line":282,"column":19},"end":{"line":282,"column":null}},"56":{"start":{"line":283,"column":15},"end":{"line":283,"column":null}},"57":{"start":{"line":284,"column":20},"end":{"line":284,"column":null}},"58":{"start":{"line":285,"column":16},"end":{"line":285,"column":null}},"59":{"start":{"line":286,"column":16},"end":{"line":286,"column":null}},"60":{"start":{"line":287,"column":17},"end":{"line":287,"column":null}},"61":{"start":{"line":288,"column":18},"end":{"line":288,"column":null}},"62":{"start":{"line":289,"column":23},"end":{"line":289,"column":null}},"63":{"start":{"line":290,"column":22},"end":{"line":290,"column":null}},"64":{"start":{"line":291,"column":17},"end":{"line":291,"column":null}},"65":{"start":{"line":294,"column":2},"end":{"line":301,"column":null}},"66":{"start":{"line":295,"column":4},"end":{"line":300,"column":null}},"67":{"start":{"line":303,"column":2},"end":{"line":310,"column":null}},"68":{"start":{"line":304,"column":4},"end":{"line":309,"column":null}},"69":{"start":{"line":312,"column":2},"end":{"line":319,"column":null}},"70":{"start":{"line":313,"column":4},"end":{"line":318,"column":null}},"71":{"start":{"line":321,"column":23},"end":{"line":321,"column":null}},"72":{"start":{"line":322,"column":2},"end":{"line":336,"column":null}},"73":{"start":{"line":323,"column":4},"end":{"line":328,"column":null}},"74":{"start":{"line":329,"column":9},"end":{"line":336,"column":null}},"75":{"start":{"line":330,"column":4},"end":{"line":335,"column":null}},"76":{"start":{"line":338,"column":19},"end":{"line":338,"column":null}},"77":{"start":{"line":339,"column":2},"end":{"line":353,"column":null}},"78":{"start":{"line":340,"column":4},"end":{"line":345,"column":null}},"79":{"start":{"line":346,"column":9},"end":{"line":353,"column":null}},"80":{"start":{"line":347,"column":4},"end":{"line":352,"column":null}},"81":{"start":{"line":356,"column":2},"end":{"line":358,"column":null}},"82":{"start":{"line":357,"column":4},"end":{"line":357,"column":null}},"83":{"start":{"line":361,"column":19},"end":{"line":361,"column":null}},"84":{"start":{"line":362,"column":22},"end":{"line":362,"column":null}},"85":{"start":{"line":365,"column":2},"end":{"line":380,"column":null}},"86":{"start":{"line":387,"column":2},"end":{"line":389,"column":null}},"87":{"start":{"line":388,"column":4},"end":{"line":388,"column":null}},"88":{"start":{"line":391,"column":2},"end":{"line":393,"column":null}},"89":{"start":{"line":392,"column":4},"end":{"line":392,"column":null}},"90":{"start":{"line":395,"column":2},"end":{"line":404,"column":null}},"91":{"start":{"line":397,"column":20},"end":{"line":400,"column":32}},"92":{"start":{"line":402,"column":19},"end":{"line":402,"column":null}},"93":{"start":{"line":403,"column":4},"end":{"line":403,"column":null}},"94":{"start":{"line":406,"column":2},"end":{"line":406,"column":null}},"95":{"start":{"line":413,"column":2},"end":{"line":415,"column":null}},"96":{"start":{"line":414,"column":4},"end":{"line":414,"column":null}},"97":{"start":{"line":417,"column":2},"end":{"line":419,"column":null}},"98":{"start":{"line":418,"column":4},"end":{"line":418,"column":null}},"99":{"start":{"line":418,"column":29},"end":{"line":418,"column":71}},"100":{"start":{"line":418,"column":80},"end":{"line":418,"column":null}},"101":{"start":{"line":421,"column":2},"end":{"line":426,"column":null}},"102":{"start":{"line":422,"column":4},"end":{"line":425,"column":null}},"103":{"start":{"line":424,"column":16},"end":{"line":424,"column":null}},"104":{"start":{"line":425,"column":19},"end":{"line":425,"column":null}},"105":{"start":{"line":428,"column":2},"end":{"line":428,"column":null}},"106":{"start":{"line":435,"column":2},"end":{"line":435,"column":null}},"107":{"start":{"line":435,"column":39},"end":{"line":435,"column":null}}},"fnMap":{"0":{"name":"parseCSVFile","decl":{"start":{"line":86,"column":16},"end":{"line":86,"column":null}},"loc":{"start":{"line":92,"column":8},"end":{"line":242,"column":null}},"line":92},"1":{"name":"(anonymous_1)","decl":{"start":{"line":96,"column":21},"end":{"line":96,"column":22}},"loc":{"start":{"line":96,"column":22},"end":{"line":241,"column":null}},"line":96},"2":{"name":"(anonymous_2)","decl":{"start":{"line":138,"column":16},"end":{"line":138,"column":17}},"loc":{"start":{"line":138,"column":17},"end":{"line":225,"column":null}},"line":138},"3":{"name":"(anonymous_3)","decl":{"start":{"line":164,"column":57},"end":{"line":164,"column":64}},"loc":{"start":{"line":164,"column":64},"end":{"line":164,"column":83}},"line":164},"4":{"name":"(anonymous_4)","decl":{"start":{"line":226,"column":13},"end":{"line":226,"column":14}},"loc":{"start":{"line":226,"column":14},"end":{"line":239,"column":null}},"line":226},"5":{"name":"mapColumns","decl":{"start":{"line":247,"column":9},"end":{"line":247,"column":20}},"loc":{"start":{"line":247,"column":37},"end":{"line":262,"column":null}},"line":247},"6":{"name":"(anonymous_6)","decl":{"start":{"line":250,"column":18},"end":{"line":250,"column":null}},"loc":{"start":{"line":250,"column":18},"end":{"line":259,"column":null}},"line":250},"7":{"name":"parseRow","decl":{"start":{"line":267,"column":9},"end":{"line":267,"column":null}},"loc":{"start":{"line":270,"column":18},"end":{"line":381,"column":null}},"line":270},"8":{"name":"(anonymous_8)","decl":{"start":{"line":275,"column":17},"end":{"line":275,"column":18}},"loc":{"start":{"line":275,"column":18},"end":{"line":278,"column":null}},"line":275},"9":{"name":"parseNumber","decl":{"start":{"line":386,"column":9},"end":{"line":386,"column":21}},"loc":{"start":{"line":386,"column":31},"end":{"line":407,"column":null}},"line":386},"10":{"name":"parseImages","decl":{"start":{"line":412,"column":9},"end":{"line":412,"column":21}},"loc":{"start":{"line":412,"column":31},"end":{"line":429,"column":null}},"line":412},"11":{"name":"(anonymous_11)","decl":{"start":{"line":418,"column":24},"end":{"line":418,"column":29}},"loc":{"start":{"line":418,"column":29},"end":{"line":418,"column":71}},"line":418},"12":{"name":"(anonymous_12)","decl":{"start":{"line":418,"column":75},"end":{"line":418,"column":80}},"loc":{"start":{"line":418,"column":80},"end":{"line":418,"column":null}},"line":418},"13":{"name":"(anonymous_13)","decl":{"start":{"line":424,"column":11},"end":{"line":424,"column":16}},"loc":{"start":{"line":424,"column":16},"end":{"line":424,"column":null}},"line":424},"14":{"name":"(anonymous_14)","decl":{"start":{"line":425,"column":14},"end":{"line":425,"column":19}},"loc":{"start":{"line":425,"column":19},"end":{"line":425,"column":null}},"line":425},"15":{"name":"isEmptyObject","decl":{"start":{"line":434,"column":9},"end":{"line":434,"column":23}},"loc":{"start":{"line":434,"column":47},"end":{"line":436,"column":null}},"line":434},"16":{"name":"(anonymous_16)","decl":{"start":{"line":435,"column":34},"end":{"line":435,"column":39}},"loc":{"start":{"line":435,"column":39},"end":{"line":435,"column":null}},"line":435}},"branchMap":{"0":{"loc":{"start":{"line":88,"column":2},"end":{"line":92,"column":8}},"type":"default-arg","locations":[{"start":{"line":92,"column":6},"end":{"line":92,"column":8}}],"line":88},"1":{"loc":{"start":{"line":94,"column":10},"end":{"line":94,"column":30}},"type":"default-arg","locations":[{"start":{"line":94,"column":26},"end":{"line":94,"column":30}}],"line":94},"2":{"loc":{"start":{"line":94,"column":32},"end":{"line":94,"column":46}},"type":"default-arg","locations":[{"start":{"line":94,"column":42},"end":{"line":94,"column":46}}],"line":94},"3":{"loc":{"start":{"line":94,"column":48},"end":{"line":94,"column":62}},"type":"default-arg","locations":[{"start":{"line":94,"column":60},"end":{"line":94,"column":62}}],"line":94},"4":{"loc":{"start":{"line":98,"column":4},"end":{"line":112,"column":null}},"type":"if","locations":[{"start":{"line":98,"column":4},"end":{"line":112,"column":null}},{"start":{},"end":{}}],"line":98},"5":{"loc":{"start":{"line":116,"column":4},"end":{"line":130,"column":null}},"type":"if","locations":[{"start":{"line":116,"column":4},"end":{"line":130,"column":null}},{"start":{},"end":{}}],"line":116},"6":{"loc":{"start":{"line":135,"column":22},"end":{"line":135,"column":null}},"type":"cond-expr","locations":[{"start":{"line":135,"column":38},"end":{"line":135,"column":49}},{"start":{"line":135,"column":49},"end":{"line":135,"column":null}}],"line":135},"7":{"loc":{"start":{"line":136,"column":17},"end":{"line":136,"column":null}},"type":"binary-expr","locations":[{"start":{"line":136,"column":17},"end":{"line":136,"column":30}},{"start":{"line":136,"column":30},"end":{"line":136,"column":null}}],"line":136},"8":{"loc":{"start":{"line":143,"column":10},"end":{"line":157,"column":null}},"type":"if","locations":[{"start":{"line":143,"column":10},"end":{"line":157,"column":null}},{"start":{},"end":{}}],"line":143},"9":{"loc":{"start":{"line":143,"column":14},"end":{"line":143,"column":42}},"type":"binary-expr","locations":[{"start":{"line":143,"column":14},"end":{"line":143,"column":23}},{"start":{"line":143,"column":23},"end":{"line":143,"column":42}}],"line":143},"10":{"loc":{"start":{"line":160,"column":26},"end":{"line":160,"column":51}},"type":"binary-expr","locations":[{"start":{"line":160,"column":26},"end":{"line":160,"column":45}},{"start":{"line":160,"column":49},"end":{"line":160,"column":51}}],"line":160},"11":{"loc":{"start":{"line":165,"column":10},"end":{"line":179,"column":null}},"type":"if","locations":[{"start":{"line":165,"column":10},"end":{"line":179,"column":null}},{"start":{},"end":{}}],"line":165},"12":{"loc":{"start":{"line":185,"column":26},"end":{"line":185,"column":68}},"type":"binary-expr","locations":[{"start":{"line":185,"column":26},"end":{"line":185,"column":41}},{"start":{"line":185,"column":45},"end":{"line":185,"column":68}}],"line":185},"13":{"loc":{"start":{"line":190,"column":12},"end":{"line":192,"column":null}},"type":"if","locations":[{"start":{"line":190,"column":12},"end":{"line":192,"column":null}},{"start":{},"end":{}}],"line":190},"14":{"loc":{"start":{"line":190,"column":16},"end":{"line":190,"column":56}},"type":"binary-expr","locations":[{"start":{"line":190,"column":16},"end":{"line":190,"column":33}},{"start":{"line":190,"column":33},"end":{"line":190,"column":56}}],"line":190},"15":{"loc":{"start":{"line":197,"column":12},"end":{"line":201,"column":null}},"type":"if","locations":[{"start":{"line":197,"column":12},"end":{"line":201,"column":null}},{"start":{"line":199,"column":19},"end":{"line":201,"column":null}}],"line":197},"16":{"loc":{"start":{"line":205,"column":21},"end":{"line":205,"column":null}},"type":"binary-expr","locations":[{"start":{"line":205,"column":21},"end":{"line":205,"column":44}},{"start":{"line":205,"column":44},"end":{"line":205,"column":null}}],"line":205},"17":{"loc":{"start":{"line":218,"column":47},"end":{"line":218,"column":107}},"type":"cond-expr","locations":[{"start":{"line":218,"column":72},"end":{"line":218,"column":85}},{"start":{"line":218,"column":88},"end":{"line":218,"column":107}}],"line":218},"18":{"loc":{"start":{"line":251,"column":4},"end":{"line":251,"column":null}},"type":"if","locations":[{"start":{"line":251,"column":4},"end":{"line":251,"column":null}},{"start":{},"end":{}}],"line":251},"19":{"loc":{"start":{"line":256,"column":4},"end":{"line":258,"column":null}},"type":"if","locations":[{"start":{"line":256,"column":4},"end":{"line":258,"column":null}},{"start":{},"end":{}}],"line":256},"20":{"loc":{"start":{"line":277,"column":11},"end":{"line":277,"column":null}},"type":"cond-expr","locations":[{"start":{"line":277,"column":38},"end":{"line":277,"column":56}},{"start":{"line":277,"column":59},"end":{"line":277,"column":null}}],"line":277},"21":{"loc":{"start":{"line":294,"column":2},"end":{"line":301,"column":null}},"type":"if","locations":[{"start":{"line":294,"column":2},"end":{"line":301,"column":null}},{"start":{},"end":{}}],"line":294},"22":{"loc":{"start":{"line":294,"column":6},"end":{"line":294,"column":63}},"type":"binary-expr","locations":[{"start":{"line":294,"column":6},"end":{"line":294,"column":15}},{"start":{"line":294,"column":15},"end":{"line":294,"column":43}},{"start":{"line":294,"column":43},"end":{"line":294,"column":63}}],"line":294},"23":{"loc":{"start":{"line":303,"column":2},"end":{"line":310,"column":null}},"type":"if","locations":[{"start":{"line":303,"column":2},"end":{"line":310,"column":null}},{"start":{},"end":{}}],"line":303},"24":{"loc":{"start":{"line":303,"column":6},"end":{"line":303,"column":75}},"type":"binary-expr","locations":[{"start":{"line":303,"column":6},"end":{"line":303,"column":19}},{"start":{"line":303,"column":19},"end":{"line":303,"column":51}},{"start":{"line":303,"column":51},"end":{"line":303,"column":75}}],"line":303},"25":{"loc":{"start":{"line":312,"column":2},"end":{"line":319,"column":null}},"type":"if","locations":[{"start":{"line":312,"column":2},"end":{"line":319,"column":null}},{"start":{},"end":{}}],"line":312},"26":{"loc":{"start":{"line":312,"column":6},"end":{"line":312,"column":63}},"type":"binary-expr","locations":[{"start":{"line":312,"column":6},"end":{"line":312,"column":15}},{"start":{"line":312,"column":15},"end":{"line":312,"column":43}},{"start":{"line":312,"column":43},"end":{"line":312,"column":63}}],"line":312},"27":{"loc":{"start":{"line":322,"column":2},"end":{"line":336,"column":null}},"type":"if","locations":[{"start":{"line":322,"column":2},"end":{"line":336,"column":null}},{"start":{"line":329,"column":9},"end":{"line":336,"column":null}}],"line":322},"28":{"loc":{"start":{"line":329,"column":9},"end":{"line":336,"column":null}},"type":"if","locations":[{"start":{"line":329,"column":9},"end":{"line":336,"column":null}},{"start":{},"end":{}}],"line":329},"29":{"loc":{"start":{"line":339,"column":2},"end":{"line":353,"column":null}},"type":"if","locations":[{"start":{"line":339,"column":2},"end":{"line":353,"column":null}},{"start":{"line":346,"column":9},"end":{"line":353,"column":null}}],"line":339},"30":{"loc":{"start":{"line":346,"column":9},"end":{"line":353,"column":null}},"type":"if","locations":[{"start":{"line":346,"column":9},"end":{"line":353,"column":null}},{"start":{},"end":{}}],"line":346},"31":{"loc":{"start":{"line":356,"column":2},"end":{"line":358,"column":null}},"type":"if","locations":[{"start":{"line":356,"column":2},"end":{"line":358,"column":null}},{"start":{},"end":{}}],"line":356},"32":{"loc":{"start":{"line":372,"column":13},"end":{"line":372,"column":null}},"type":"binary-expr","locations":[{"start":{"line":372,"column":13},"end":{"line":372,"column":25}},{"start":{"line":372,"column":25},"end":{"line":372,"column":null}}],"line":372},"33":{"loc":{"start":{"line":373,"column":14},"end":{"line":373,"column":null}},"type":"binary-expr","locations":[{"start":{"line":373,"column":14},"end":{"line":373,"column":32}},{"start":{"line":373,"column":32},"end":{"line":373,"column":null}}],"line":373},"34":{"loc":{"start":{"line":374,"column":15},"end":{"line":374,"column":null}},"type":"binary-expr","locations":[{"start":{"line":374,"column":15},"end":{"line":374,"column":34}},{"start":{"line":374,"column":34},"end":{"line":374,"column":null}}],"line":374},"35":{"loc":{"start":{"line":375,"column":20},"end":{"line":375,"column":null}},"type":"binary-expr","locations":[{"start":{"line":375,"column":20},"end":{"line":375,"column":44}},{"start":{"line":375,"column":44},"end":{"line":375,"column":null}}],"line":375},"36":{"loc":{"start":{"line":376,"column":19},"end":{"line":376,"column":null}},"type":"binary-expr","locations":[{"start":{"line":376,"column":19},"end":{"line":376,"column":42}},{"start":{"line":376,"column":42},"end":{"line":376,"column":null}}],"line":376},"37":{"loc":{"start":{"line":387,"column":2},"end":{"line":389,"column":null}},"type":"if","locations":[{"start":{"line":387,"column":2},"end":{"line":389,"column":null}},{"start":{},"end":{}}],"line":387},"38":{"loc":{"start":{"line":387,"column":6},"end":{"line":387,"column":61}},"type":"binary-expr","locations":[{"start":{"line":387,"column":6},"end":{"line":387,"column":24}},{"start":{"line":387,"column":24},"end":{"line":387,"column":47}},{"start":{"line":387,"column":47},"end":{"line":387,"column":61}}],"line":387},"39":{"loc":{"start":{"line":391,"column":2},"end":{"line":393,"column":null}},"type":"if","locations":[{"start":{"line":391,"column":2},"end":{"line":393,"column":null}},{"start":{},"end":{}}],"line":391},"40":{"loc":{"start":{"line":392,"column":11},"end":{"line":392,"column":null}},"type":"cond-expr","locations":[{"start":{"line":392,"column":26},"end":{"line":392,"column":33}},{"start":{"line":392,"column":33},"end":{"line":392,"column":null}}],"line":392},"41":{"loc":{"start":{"line":395,"column":2},"end":{"line":404,"column":null}},"type":"if","locations":[{"start":{"line":395,"column":2},"end":{"line":404,"column":null}},{"start":{},"end":{}}],"line":395},"42":{"loc":{"start":{"line":403,"column":11},"end":{"line":403,"column":null}},"type":"cond-expr","locations":[{"start":{"line":403,"column":27},"end":{"line":403,"column":34}},{"start":{"line":403,"column":34},"end":{"line":403,"column":null}}],"line":403},"43":{"loc":{"start":{"line":413,"column":2},"end":{"line":415,"column":null}},"type":"if","locations":[{"start":{"line":413,"column":2},"end":{"line":415,"column":null}},{"start":{},"end":{}}],"line":413},"44":{"loc":{"start":{"line":413,"column":6},"end":{"line":413,"column":61}},"type":"binary-expr","locations":[{"start":{"line":413,"column":6},"end":{"line":413,"column":24}},{"start":{"line":413,"column":24},"end":{"line":413,"column":47}},{"start":{"line":413,"column":47},"end":{"line":413,"column":61}}],"line":413},"45":{"loc":{"start":{"line":417,"column":2},"end":{"line":419,"column":null}},"type":"if","locations":[{"start":{"line":417,"column":2},"end":{"line":419,"column":null}},{"start":{},"end":{}}],"line":417},"46":{"loc":{"start":{"line":418,"column":29},"end":{"line":418,"column":71}},"type":"binary-expr","locations":[{"start":{"line":418,"column":29},"end":{"line":418,"column":54}},{"start":{"line":418,"column":54},"end":{"line":418,"column":71}}],"line":418},"47":{"loc":{"start":{"line":421,"column":2},"end":{"line":426,"column":null}},"type":"if","locations":[{"start":{"line":421,"column":2},"end":{"line":426,"column":null}},{"start":{},"end":{}}],"line":421},"48":{"loc":{"start":{"line":435,"column":39},"end":{"line":435,"column":null}},"type":"binary-expr","locations":[{"start":{"line":435,"column":39},"end":{"line":435,"column":53}},{"start":{"line":435,"column":53},"end":{"line":435,"column":72}},{"start":{"line":435,"column":72},"end":{"line":435,"column":null}}],"line":435}},"s":{"0":1,"1":1,"2":1,"3":1,"4":25,"5":25,"6":25,"7":1,"8":1,"9":24,"10":24,"11":1,"12":1,"13":23,"14":22,"15":22,"16":22,"17":1,"18":1,"19":21,"20":22,"21":22,"22":105,"23":22,"24":4,"25":4,"26":17,"27":17,"28":17,"29":17,"30":69,"31":69,"32":69,"33":0,"34":69,"35":69,"36":5,"37":64,"38":17,"39":0,"40":1,"41":21,"42":21,"43":99,"44":0,"45":99,"46":99,"47":99,"48":99,"49":21,"50":69,"51":69,"52":759,"53":759,"54":69,"55":69,"56":69,"57":69,"58":69,"59":69,"60":69,"61":69,"62":69,"63":69,"64":69,"65":69,"66":3,"67":69,"68":1,"69":69,"70":0,"71":69,"72":69,"73":1,"74":68,"75":0,"76":69,"77":69,"78":0,"79":69,"80":0,"81":69,"82":5,"83":64,"84":64,"85":64,"86":202,"87":63,"88":139,"89":0,"90":139,"91":139,"92":139,"93":139,"94":0,"95":64,"96":63,"97":1,"98":0,"99":0,"100":0,"101":1,"102":1,"103":2,"104":2,"105":0,"106":69,"107":72},"f":{"0":25,"1":25,"2":22,"3":105,"4":1,"5":21,"6":99,"7":69,"8":759,"9":202,"10":64,"11":0,"12":0,"13":2,"14":2,"15":69,"16":72},"b":{"0":[25],"1":[25],"2":[25],"3":[25],"4":[1,24],"5":[1,23],"6":[23,0],"7":[25,21],"8":[1,21],"9":[22,22],"10":[21,0],"11":[4,18],"12":[17,70],"13":[0,69],"14":[69,69],"15":[5,64],"16":[17,4],"17":[0,0],"18":[0,99],"19":[99,0],"20":[350,409],"21":[3,66],"22":[69,66,66],"23":[1,68],"24":[69,68,68],"25":[0,69],"26":[69,69,69],"27":[1,68],"28":[0,68],"29":[0,69],"30":[0,69],"31":[5,64],"32":[64,63],"33":[69,63],"34":[69,63],"35":[69,64],"36":[69,63],"37":[63,139],"38":[202,202,139],"39":[0,139],"40":[0,0],"41":[139,0],"42":[1,138],"43":[63,1],"44":[64,64,1],"45":[0,1],"46":[0,0],"47":[1,0],"48":[72,72,72]},"meta":{"lastBranch":49,"lastFunction":17,"lastStatement":108,"seen":{"s:14:30:14:Infinity":0,"s:19:29:19:Infinity":1,"s:40:43:76:Infinity":2,"s:81:25:81:Infinity":3,"f:86:16:86:Infinity":0,"b:92:6:92:8":0,"s:94:67:94:Infinity":4,"b:94:26:94:30":1,"b:94:42:94:46":2,"b:94:60:94:62":3,"s:96:2:241:Infinity":5,"f:96:21:96:22":1,"b:98:4:112:Infinity:undefined:undefined:undefined:undefined":4,"s:98:4:112:Infinity":6,"s:99:6:110:Infinity":7,"s:111:6:111:Infinity":8,"s:115:22:115:Infinity":9,"b:116:4:130:Infinity:undefined:undefined:undefined:undefined":5,"s:116:4:130:Infinity":10,"s:117:6:128:Infinity":11,"s:129:6:129:Infinity":12,"s:133:4:240:Infinity":13,"b:135:38:135:49:135:49:135:Infinity":6,"b:136:17:136:30:136:30:136:Infinity":7,"f:138:16:138:17":2,"s:139:8:224:Infinity":14,"s:141:23:141:35":15,"b:143:10:157:Infinity:undefined:undefined:undefined:undefined":8,"s:143:10:157:Infinity":16,"b:143:14:143:23:143:23:143:42":9,"s:144:12:155:Infinity":17,"s:156:12:156:Infinity":18,"s:160:26:160:51":19,"b:160:26:160:45:160:49:160:51":10,"s:161:32:161:Infinity":20,"s:164:33:164:Infinity":21,"f:164:57:164:64":3,"s:164:64:164:83":22,"b:165:10:179:Infinity:undefined:undefined:undefined:undefined":11,"s:165:10:179:Infinity":23,"s:166:12:177:Infinity":24,"s:178:12:178:Infinity":25,"s:182:43:182:45":26,"s:183:51:183:53":27,"s:185:10:202:Infinity":28,"s:185:23:185:26":29,"b:185:26:185:41:185:45:185:68":12,"s:186:27:186:34":30,"s:187:29:187:36":31,"b:190:12:192:Infinity:undefined:undefined:undefined:undefined":13,"s:190:12:192:Infinity":32,"b:190:16:190:33:190:33:190:56":14,"s:191:14:191:Infinity":33,"s:195:30:195:Infinity":34,"b:197:12:201:Infinity:199:19:201:Infinity":15,"s:197:12:201:Infinity":35,"s:198:14:198:Infinity":36,"s:200:14:200:Infinity":37,"s:204:10:210:Infinity":38,"b:205:21:205:44:205:44:205:Infinity":16,"s:212:10:223:Infinity":39,"b:218:72:218:85:218:88:218:107":17,"f:226:13:226:14":4,"s:227:8:238:Infinity":40,"f:247:9:247:20":5,"s:248:41:248:Infinity":41,"s:250:2:259:Infinity":42,"f:250:18:250:Infinity":6,"b:251:4:251:Infinity:undefined:undefined:undefined:undefined":18,"s:251:4:251:Infinity":43,"s:251:17:251:Infinity":44,"s:253:29:253:Infinity":45,"s:254:22:254:50":46,"b:256:4:258:Infinity:undefined:undefined:undefined:undefined":19,"s:256:4:258:Infinity":47,"s:257:6:257:Infinity":48,"s:261:2:261:Infinity":49,"f:267:9:267:Infinity":7,"s:272:43:272:45":50,"s:275:17:278:Infinity":51,"f:275:17:275:18":8,"s:276:23:276:39":52,"s:277:4:277:Infinity":53,"b:277:38:277:56:277:59:277:Infinity":20,"s:281:15:281:Infinity":54,"s:282:19:282:Infinity":55,"s:283:15:283:Infinity":56,"s:284:20:284:Infinity":57,"s:285:16:285:Infinity":58,"s:286:16:286:Infinity":59,"s:287:17:287:Infinity":60,"s:288:18:288:Infinity":61,"s:289:23:289:Infinity":62,"s:290:22:290:Infinity":63,"s:291:17:291:Infinity":64,"b:294:2:301:Infinity:undefined:undefined:undefined:undefined":21,"s:294:2:301:Infinity":65,"b:294:6:294:15:294:15:294:43:294:43:294:63":22,"s:295:4:300:Infinity":66,"b:303:2:310:Infinity:undefined:undefined:undefined:undefined":23,"s:303:2:310:Infinity":67,"b:303:6:303:19:303:19:303:51:303:51:303:75":24,"s:304:4:309:Infinity":68,"b:312:2:319:Infinity:undefined:undefined:undefined:undefined":25,"s:312:2:319:Infinity":69,"b:312:6:312:15:312:15:312:43:312:43:312:63":26,"s:313:4:318:Infinity":70,"s:321:23:321:Infinity":71,"b:322:2:336:Infinity:329:9:336:Infinity":27,"s:322:2:336:Infinity":72,"s:323:4:328:Infinity":73,"b:329:9:336:Infinity:undefined:undefined:undefined:undefined":28,"s:329:9:336:Infinity":74,"s:330:4:335:Infinity":75,"s:338:19:338:Infinity":76,"b:339:2:353:Infinity:346:9:353:Infinity":29,"s:339:2:353:Infinity":77,"s:340:4:345:Infinity":78,"b:346:9:353:Infinity:undefined:undefined:undefined:undefined":30,"s:346:9:353:Infinity":79,"s:347:4:352:Infinity":80,"b:356:2:358:Infinity:undefined:undefined:undefined:undefined":31,"s:356:2:358:Infinity":81,"s:357:4:357:Infinity":82,"s:361:19:361:Infinity":83,"s:362:22:362:Infinity":84,"s:365:2:380:Infinity":85,"b:372:13:372:25:372:25:372:Infinity":32,"b:373:14:373:32:373:32:373:Infinity":33,"b:374:15:374:34:374:34:374:Infinity":34,"b:375:20:375:44:375:44:375:Infinity":35,"b:376:19:376:42:376:42:376:Infinity":36,"f:386:9:386:21":9,"b:387:2:389:Infinity:undefined:undefined:undefined:undefined":37,"s:387:2:389:Infinity":86,"b:387:6:387:24:387:24:387:47:387:47:387:61":38,"s:388:4:388:Infinity":87,"b:391:2:393:Infinity:undefined:undefined:undefined:undefined":39,"s:391:2:393:Infinity":88,"s:392:4:392:Infinity":89,"b:392:26:392:33:392:33:392:Infinity":40,"b:395:2:404:Infinity:undefined:undefined:undefined:undefined":41,"s:395:2:404:Infinity":90,"s:397:20:400:32":91,"s:402:19:402:Infinity":92,"s:403:4:403:Infinity":93,"b:403:27:403:34:403:34:403:Infinity":42,"s:406:2:406:Infinity":94,"f:412:9:412:21":10,"b:413:2:415:Infinity:undefined:undefined:undefined:undefined":43,"s:413:2:415:Infinity":95,"b:413:6:413:24:413:24:413:47:413:47:413:61":44,"s:414:4:414:Infinity":96,"b:417:2:419:Infinity:undefined:undefined:undefined:undefined":45,"s:417:2:419:Infinity":97,"s:418:4:418:Infinity":98,"f:418:24:418:29":11,"s:418:29:418:71":99,"b:418:29:418:54:418:54:418:71":46,"f:418:75:418:80":12,"s:418:80:418:Infinity":100,"b:421:2:426:Infinity:undefined:undefined:undefined:undefined":47,"s:421:2:426:Infinity":101,"s:422:4:425:Infinity":102,"f:424:11:424:16":13,"s:424:16:424:Infinity":103,"f:425:14:425:19":14,"s:425:19:425:Infinity":104,"s:428:2:428:Infinity":105,"f:434:9:434:23":15,"s:435:2:435:Infinity":106,"f:435:34:435:39":16,"s:435:39:435:Infinity":107,"b:435:39:435:53:435:53:435:72:435:72:435:Infinity":48}}}
,"F:\\donusum\\haldeki-love\\haldeki-market\\src\\lib\\excelParser.ts": {"path":"F:\\donusum\\haldeki-love\\haldeki-market\\src\\lib\\excelParser.ts","statementMap":{"0":{"start":{"line":14,"column":32},"end":{"line":14,"column":null}},"1":{"start":{"line":19,"column":29},"end":{"line":19,"column":null}},"2":{"start":{"line":24,"column":28},"end":{"line":24,"column":null}},"3":{"start":{"line":29,"column":43},"end":{"line":65,"column":null}},"4":{"start":{"line":94,"column":51},"end":{"line":94,"column":null}},"5":{"start":{"line":97,"column":2},"end":{"line":111,"column":null}},"6":{"start":{"line":98,"column":4},"end":{"line":110,"column":null}},"7":{"start":{"line":114,"column":20},"end":{"line":114,"column":null}},"8":{"start":{"line":115,"column":2},"end":{"line":129,"column":null}},"9":{"start":{"line":116,"column":4},"end":{"line":128,"column":null}},"10":{"start":{"line":131,"column":2},"end":{"line":256,"column":null}},"11":{"start":{"line":133,"column":24},"end":{"line":133,"column":null}},"12":{"start":{"line":136,"column":21},"end":{"line":140,"column":null}},"13":{"start":{"line":143,"column":20},"end":{"line":143,"column":null}},"14":{"start":{"line":144,"column":20},"end":{"line":144,"column":46}},"15":{"start":{"line":147,"column":4},"end":{"line":150,"column":null}},"16":{"start":{"line":148,"column":6},"end":{"line":148,"column":null}},"17":{"start":{"line":149,"column":6},"end":{"line":149,"column":null}},"18":{"start":{"line":152,"column":4},"end":{"line":166,"column":null}},"19":{"start":{"line":153,"column":6},"end":{"line":165,"column":null}},"20":{"start":{"line":169,"column":20},"end":{"line":173,"column":null}},"21":{"start":{"line":175,"column":4},"end":{"line":189,"column":null}},"22":{"start":{"line":176,"column":6},"end":{"line":188,"column":null}},"23":{"start":{"line":192,"column":20},"end":{"line":192,"column":30}},"24":{"start":{"line":193,"column":26},"end":{"line":193,"column":null}},"25":{"start":{"line":195,"column":4},"end":{"line":209,"column":null}},"26":{"start":{"line":196,"column":6},"end":{"line":208,"column":null}},"27":{"start":{"line":212,"column":37},"end":{"line":212,"column":39}},"28":{"start":{"line":213,"column":47},"end":{"line":213,"column":49}},"29":{"start":{"line":215,"column":4},"end":{"line":232,"column":null}},"30":{"start":{"line":215,"column":17},"end":{"line":215,"column":20}},"31":{"start":{"line":216,"column":21},"end":{"line":216,"column":31}},"32":{"start":{"line":217,"column":23},"end":{"line":217,"column":30}},"33":{"start":{"line":220,"column":6},"end":{"line":222,"column":null}},"34":{"start":{"line":221,"column":8},"end":{"line":221,"column":null}},"35":{"start":{"line":225,"column":24},"end":{"line":225,"column":null}},"36":{"start":{"line":227,"column":6},"end":{"line":231,"column":null}},"37":{"start":{"line":228,"column":8},"end":{"line":228,"column":null}},"38":{"start":{"line":230,"column":8},"end":{"line":230,"column":null}},"39":{"start":{"line":234,"column":4},"end":{"line":241,"column":null}},"40":{"start":{"line":243,"column":4},"end":{"line":255,"column":null}},"41":{"start":{"line":264,"column":2},"end":{"line":268,"column":null}},"42":{"start":{"line":265,"column":4},"end":{"line":267,"column":null}},"43":{"start":{"line":266,"column":6},"end":{"line":266,"column":null}},"44":{"start":{"line":271,"column":2},"end":{"line":276,"column":null}},"45":{"start":{"line":272,"column":22},"end":{"line":272,"column":null}},"46":{"start":{"line":273,"column":4},"end":{"line":275,"column":null}},"47":{"start":{"line":273,"column":38},"end":{"line":273,"column":76}},"48":{"start":{"line":274,"column":6},"end":{"line":274,"column":null}},"49":{"start":{"line":279,"column":2},"end":{"line":279,"column":null}},"50":{"start":{"line":286,"column":41},"end":{"line":286,"column":null}},"51":{"start":{"line":288,"column":2},"end":{"line":297,"column":null}},"52":{"start":{"line":289,"column":4},"end":{"line":289,"column":null}},"53":{"start":{"line":289,"column":17},"end":{"line":289,"column":null}},"54":{"start":{"line":291,"column":29},"end":{"line":291,"column":null}},"55":{"start":{"line":292,"column":22},"end":{"line":292,"column":50}},"56":{"start":{"line":294,"column":4},"end":{"line":296,"column":null}},"57":{"start":{"line":295,"column":6},"end":{"line":295,"column":null}},"58":{"start":{"line":299,"column":2},"end":{"line":299,"column":null}},"59":{"start":{"line":310,"column":45},"end":{"line":310,"column":47}},"60":{"start":{"line":313,"column":17},"end":{"line":316,"column":null}},"61":{"start":{"line":314,"column":18},"end":{"line":314,"column":34}},"62":{"start":{"line":315,"column":4},"end":{"line":315,"column":null}},"63":{"start":{"line":319,"column":15},"end":{"line":319,"column":null}},"64":{"start":{"line":320,"column":19},"end":{"line":320,"column":null}},"65":{"start":{"line":321,"column":15},"end":{"line":321,"column":null}},"66":{"start":{"line":322,"column":20},"end":{"line":322,"column":null}},"67":{"start":{"line":323,"column":16},"end":{"line":323,"column":null}},"68":{"start":{"line":324,"column":16},"end":{"line":324,"column":null}},"69":{"start":{"line":325,"column":17},"end":{"line":325,"column":null}},"70":{"start":{"line":326,"column":18},"end":{"line":326,"column":null}},"71":{"start":{"line":327,"column":23},"end":{"line":327,"column":null}},"72":{"start":{"line":328,"column":22},"end":{"line":328,"column":null}},"73":{"start":{"line":329,"column":17},"end":{"line":329,"column":null}},"74":{"start":{"line":332,"column":2},"end":{"line":339,"column":null}},"75":{"start":{"line":333,"column":4},"end":{"line":338,"column":null}},"76":{"start":{"line":341,"column":2},"end":{"line":348,"column":null}},"77":{"start":{"line":342,"column":4},"end":{"line":347,"column":null}},"78":{"start":{"line":350,"column":2},"end":{"line":357,"column":null}},"79":{"start":{"line":351,"column":4},"end":{"line":356,"column":null}},"80":{"start":{"line":359,"column":23},"end":{"line":359,"column":null}},"81":{"start":{"line":360,"column":2},"end":{"line":374,"column":null}},"82":{"start":{"line":361,"column":4},"end":{"line":366,"column":null}},"83":{"start":{"line":367,"column":9},"end":{"line":374,"column":null}},"84":{"start":{"line":368,"column":4},"end":{"line":373,"column":null}},"85":{"start":{"line":376,"column":19},"end":{"line":376,"column":null}},"86":{"start":{"line":377,"column":2},"end":{"line":391,"column":null}},"87":{"start":{"line":378,"column":4},"end":{"line":383,"column":null}},"88":{"start":{"line":384,"column":9},"end":{"line":391,"column":null}},"89":{"start":{"line":385,"column":4},"end":{"line":390,"column":null}},"90":{"start":{"line":394,"column":2},"end":{"line":396,"column":null}},"91":{"start":{"line":395,"column":4},"end":{"line":395,"column":null}},"92":{"start":{"line":399,"column":19},"end":{"line":399,"column":null}},"93":{"start":{"line":400,"column":22},"end":{"line":400,"column":null}},"94":{"start":{"line":403,"column":2},"end":{"line":418,"column":null}},"95":{"start":{"line":425,"column":2},"end":{"line":427,"column":null}},"96":{"start":{"line":426,"column":4},"end":{"line":426,"column":null}},"97":{"start":{"line":429,"column":2},"end":{"line":431,"column":null}},"98":{"start":{"line":430,"column":4},"end":{"line":430,"column":null}},"99":{"start":{"line":433,"column":2},"end":{"line":442,"column":null}},"100":{"start":{"line":435,"column":20},"end":{"line":438,"column":32}},"101":{"start":{"line":440,"column":19},"end":{"line":440,"column":null}},"102":{"start":{"line":441,"column":4},"end":{"line":441,"column":null}},"103":{"start":{"line":444,"column":2},"end":{"line":444,"column":null}},"104":{"start":{"line":451,"column":2},"end":{"line":453,"column":null}},"105":{"start":{"line":452,"column":4},"end":{"line":452,"column":null}},"106":{"start":{"line":455,"column":2},"end":{"line":457,"column":null}},"107":{"start":{"line":456,"column":4},"end":{"line":456,"column":null}},"108":{"start":{"line":456,"column":29},"end":{"line":456,"column":71}},"109":{"start":{"line":456,"column":80},"end":{"line":456,"column":null}},"110":{"start":{"line":459,"column":2},"end":{"line":464,"column":null}},"111":{"start":{"line":460,"column":4},"end":{"line":463,"column":null}},"112":{"start":{"line":462,"column":16},"end":{"line":462,"column":null}},"113":{"start":{"line":463,"column":19},"end":{"line":463,"column":null}},"114":{"start":{"line":466,"column":2},"end":{"line":466,"column":null}},"115":{"start":{"line":473,"column":2},"end":{"line":473,"column":null}},"116":{"start":{"line":473,"column":27},"end":{"line":473,"column":null}}},"fnMap":{"0":{"name":"parseExcelFile","decl":{"start":{"line":87,"column":22},"end":{"line":87,"column":null}},"loc":{"start":{"line":92,"column":8},"end":{"line":257,"column":null}},"line":92},"1":{"name":"findProductSheet","decl":{"start":{"line":262,"column":9},"end":{"line":262,"column":26}},"loc":{"start":{"line":262,"column":46},"end":{"line":280,"column":null}},"line":262},"2":{"name":"(anonymous_2)","decl":{"start":{"line":273,"column":33},"end":{"line":273,"column":38}},"loc":{"start":{"line":273,"column":38},"end":{"line":273,"column":76}},"line":273},"3":{"name":"mapColumns","decl":{"start":{"line":285,"column":9},"end":{"line":285,"column":20}},"loc":{"start":{"line":285,"column":37},"end":{"line":300,"column":null}},"line":285},"4":{"name":"(anonymous_4)","decl":{"start":{"line":288,"column":18},"end":{"line":288,"column":19}},"loc":{"start":{"line":288,"column":27},"end":{"line":297,"column":null}},"line":288},"5":{"name":"parseRow","decl":{"start":{"line":305,"column":9},"end":{"line":305,"column":null}},"loc":{"start":{"line":308,"column":18},"end":{"line":419,"column":null}},"line":308},"6":{"name":"(anonymous_6)","decl":{"start":{"line":313,"column":17},"end":{"line":313,"column":18}},"loc":{"start":{"line":313,"column":18},"end":{"line":316,"column":null}},"line":313},"7":{"name":"parseNumber","decl":{"start":{"line":424,"column":9},"end":{"line":424,"column":21}},"loc":{"start":{"line":424,"column":31},"end":{"line":445,"column":null}},"line":424},"8":{"name":"parseImages","decl":{"start":{"line":450,"column":9},"end":{"line":450,"column":21}},"loc":{"start":{"line":450,"column":31},"end":{"line":467,"column":null}},"line":450},"9":{"name":"(anonymous_9)","decl":{"start":{"line":456,"column":24},"end":{"line":456,"column":29}},"loc":{"start":{"line":456,"column":29},"end":{"line":456,"column":71}},"line":456},"10":{"name":"(anonymous_10)","decl":{"start":{"line":456,"column":75},"end":{"line":456,"column":80}},"loc":{"start":{"line":456,"column":80},"end":{"line":456,"column":null}},"line":456},"11":{"name":"(anonymous_11)","decl":{"start":{"line":462,"column":11},"end":{"line":462,"column":16}},"loc":{"start":{"line":462,"column":16},"end":{"line":462,"column":null}},"line":462},"12":{"name":"(anonymous_12)","decl":{"start":{"line":463,"column":14},"end":{"line":463,"column":19}},"loc":{"start":{"line":463,"column":19},"end":{"line":463,"column":null}},"line":463},"13":{"name":"isEmptyRow","decl":{"start":{"line":472,"column":9},"end":{"line":472,"column":20}},"loc":{"start":{"line":472,"column":30},"end":{"line":474,"column":null}},"line":472},"14":{"name":"(anonymous_14)","decl":{"start":{"line":473,"column":19},"end":{"line":473,"column":27}},"loc":{"start":{"line":473,"column":27},"end":{"line":473,"column":null}},"line":473}},"branchMap":{"0":{"loc":{"start":{"line":89,"column":2},"end":{"line":92,"column":8}},"type":"default-arg","locations":[{"start":{"line":92,"column":6},"end":{"line":92,"column":8}}],"line":89},"1":{"loc":{"start":{"line":94,"column":10},"end":{"line":94,"column":30}},"type":"default-arg","locations":[{"start":{"line":94,"column":26},"end":{"line":94,"column":30}}],"line":94},"2":{"loc":{"start":{"line":94,"column":32},"end":{"line":94,"column":46}},"type":"default-arg","locations":[{"start":{"line":94,"column":42},"end":{"line":94,"column":46}}],"line":94},"3":{"loc":{"start":{"line":97,"column":2},"end":{"line":111,"column":null}},"type":"if","locations":[{"start":{"line":97,"column":2},"end":{"line":111,"column":null}},{"start":{},"end":{}}],"line":97},"4":{"loc":{"start":{"line":115,"column":2},"end":{"line":129,"column":null}},"type":"if","locations":[{"start":{"line":115,"column":2},"end":{"line":129,"column":null}},{"start":{},"end":{}}],"line":115},"5":{"loc":{"start":{"line":147,"column":4},"end":{"line":150,"column":null}},"type":"if","locations":[{"start":{"line":147,"column":4},"end":{"line":150,"column":null}},{"start":{},"end":{}}],"line":147},"6":{"loc":{"start":{"line":152,"column":4},"end":{"line":166,"column":null}},"type":"if","locations":[{"start":{"line":152,"column":4},"end":{"line":166,"column":null}},{"start":{},"end":{}}],"line":152},"7":{"loc":{"start":{"line":175,"column":4},"end":{"line":189,"column":null}},"type":"if","locations":[{"start":{"line":175,"column":4},"end":{"line":189,"column":null}},{"start":{},"end":{}}],"line":175},"8":{"loc":{"start":{"line":175,"column":8},"end":{"line":175,"column":42}},"type":"binary-expr","locations":[{"start":{"line":175,"column":8},"end":{"line":175,"column":20}},{"start":{"line":175,"column":20},"end":{"line":175,"column":42}}],"line":175},"9":{"loc":{"start":{"line":195,"column":4},"end":{"line":209,"column":null}},"type":"if","locations":[{"start":{"line":195,"column":4},"end":{"line":209,"column":null}},{"start":{},"end":{}}],"line":195},"10":{"loc":{"start":{"line":195,"column":8},"end":{"line":195,"column":129}},"type":"binary-expr","locations":[{"start":{"line":195,"column":8},"end":{"line":195,"column":27}},{"start":{"line":195,"column":31},"end":{"line":195,"column":54}},{"start":{"line":195,"column":58},"end":{"line":195,"column":77}},{"start":{"line":195,"column":81},"end":{"line":195,"column":105}},{"start":{"line":195,"column":109},"end":{"line":195,"column":129}}],"line":195},"11":{"loc":{"start":{"line":215,"column":20},"end":{"line":215,"column":65}},"type":"binary-expr","locations":[{"start":{"line":215,"column":20},"end":{"line":215,"column":38}},{"start":{"line":215,"column":42},"end":{"line":215,"column":65}}],"line":215},"12":{"loc":{"start":{"line":220,"column":6},"end":{"line":222,"column":null}},"type":"if","locations":[{"start":{"line":220,"column":6},"end":{"line":222,"column":null}},{"start":{},"end":{}}],"line":220},"13":{"loc":{"start":{"line":220,"column":10},"end":{"line":220,"column":47}},"type":"binary-expr","locations":[{"start":{"line":220,"column":10},"end":{"line":220,"column":27}},{"start":{"line":220,"column":27},"end":{"line":220,"column":47}}],"line":220},"14":{"loc":{"start":{"line":227,"column":6},"end":{"line":231,"column":null}},"type":"if","locations":[{"start":{"line":227,"column":6},"end":{"line":231,"column":null}},{"start":{"line":229,"column":13},"end":{"line":231,"column":null}}],"line":227},"15":{"loc":{"start":{"line":235,"column":15},"end":{"line":235,"column":null}},"type":"binary-expr","locations":[{"start":{"line":235,"column":15},"end":{"line":235,"column":38}},{"start":{"line":235,"column":38},"end":{"line":235,"column":null}}],"line":235},"16":{"loc":{"start":{"line":249,"column":38},"end":{"line":249,"column":98}},"type":"cond-expr","locations":[{"start":{"line":249,"column":63},"end":{"line":249,"column":76}},{"start":{"line":249,"column":79},"end":{"line":249,"column":98}}],"line":249},"17":{"loc":{"start":{"line":265,"column":4},"end":{"line":267,"column":null}},"type":"if","locations":[{"start":{"line":265,"column":4},"end":{"line":267,"column":null}},{"start":{},"end":{}}],"line":265},"18":{"loc":{"start":{"line":273,"column":4},"end":{"line":275,"column":null}},"type":"if","locations":[{"start":{"line":273,"column":4},"end":{"line":275,"column":null}},{"start":{},"end":{}}],"line":273},"19":{"loc":{"start":{"line":279,"column":9},"end":{"line":279,"column":null}},"type":"binary-expr","locations":[{"start":{"line":279,"column":9},"end":{"line":279,"column":22}},{"start":{"line":279,"column":26},"end":{"line":279,"column":null}}],"line":279},"20":{"loc":{"start":{"line":289,"column":4},"end":{"line":289,"column":null}},"type":"if","locations":[{"start":{"line":289,"column":4},"end":{"line":289,"column":null}},{"start":{},"end":{}}],"line":289},"21":{"loc":{"start":{"line":294,"column":4},"end":{"line":296,"column":null}},"type":"if","locations":[{"start":{"line":294,"column":4},"end":{"line":296,"column":null}},{"start":{},"end":{}}],"line":294},"22":{"loc":{"start":{"line":315,"column":11},"end":{"line":315,"column":null}},"type":"cond-expr","locations":[{"start":{"line":315,"column":33},"end":{"line":315,"column":46}},{"start":{"line":315,"column":49},"end":{"line":315,"column":null}}],"line":315},"23":{"loc":{"start":{"line":332,"column":2},"end":{"line":339,"column":null}},"type":"if","locations":[{"start":{"line":332,"column":2},"end":{"line":339,"column":null}},{"start":{},"end":{}}],"line":332},"24":{"loc":{"start":{"line":332,"column":6},"end":{"line":332,"column":63}},"type":"binary-expr","locations":[{"start":{"line":332,"column":6},"end":{"line":332,"column":15}},{"start":{"line":332,"column":15},"end":{"line":332,"column":43}},{"start":{"line":332,"column":43},"end":{"line":332,"column":63}}],"line":332},"25":{"loc":{"start":{"line":341,"column":2},"end":{"line":348,"column":null}},"type":"if","locations":[{"start":{"line":341,"column":2},"end":{"line":348,"column":null}},{"start":{},"end":{}}],"line":341},"26":{"loc":{"start":{"line":341,"column":6},"end":{"line":341,"column":75}},"type":"binary-expr","locations":[{"start":{"line":341,"column":6},"end":{"line":341,"column":19}},{"start":{"line":341,"column":19},"end":{"line":341,"column":51}},{"start":{"line":341,"column":51},"end":{"line":341,"column":75}}],"line":341},"27":{"loc":{"start":{"line":350,"column":2},"end":{"line":357,"column":null}},"type":"if","locations":[{"start":{"line":350,"column":2},"end":{"line":357,"column":null}},{"start":{},"end":{}}],"line":350},"28":{"loc":{"start":{"line":350,"column":6},"end":{"line":350,"column":63}},"type":"binary-expr","locations":[{"start":{"line":350,"column":6},"end":{"line":350,"column":15}},{"start":{"line":350,"column":15},"end":{"line":350,"column":43}},{"start":{"line":350,"column":43},"end":{"line":350,"column":63}}],"line":350},"29":{"loc":{"start":{"line":360,"column":2},"end":{"line":374,"column":null}},"type":"if","locations":[{"start":{"line":360,"column":2},"end":{"line":374,"column":null}},{"start":{"line":367,"column":9},"end":{"line":374,"column":null}}],"line":360},"30":{"loc":{"start":{"line":367,"column":9},"end":{"line":374,"column":null}},"type":"if","locations":[{"start":{"line":367,"column":9},"end":{"line":374,"column":null}},{"start":{},"end":{}}],"line":367},"31":{"loc":{"start":{"line":377,"column":2},"end":{"line":391,"column":null}},"type":"if","locations":[{"start":{"line":377,"column":2},"end":{"line":391,"column":null}},{"start":{"line":384,"column":9},"end":{"line":391,"column":null}}],"line":377},"32":{"loc":{"start":{"line":384,"column":9},"end":{"line":391,"column":null}},"type":"if","locations":[{"start":{"line":384,"column":9},"end":{"line":391,"column":null}},{"start":{},"end":{}}],"line":384},"33":{"loc":{"start":{"line":394,"column":2},"end":{"line":396,"column":null}},"type":"if","locations":[{"start":{"line":394,"column":2},"end":{"line":396,"column":null}},{"start":{},"end":{}}],"line":394},"34":{"loc":{"start":{"line":410,"column":13},"end":{"line":410,"column":null}},"type":"binary-expr","locations":[{"start":{"line":410,"column":13},"end":{"line":410,"column":25}},{"start":{"line":410,"column":25},"end":{"line":410,"column":null}}],"line":410},"35":{"loc":{"start":{"line":411,"column":14},"end":{"line":411,"column":null}},"type":"binary-expr","locations":[{"start":{"line":411,"column":14},"end":{"line":411,"column":32}},{"start":{"line":411,"column":32},"end":{"line":411,"column":null}}],"line":411},"36":{"loc":{"start":{"line":412,"column":15},"end":{"line":412,"column":null}},"type":"binary-expr","locations":[{"start":{"line":412,"column":15},"end":{"line":412,"column":34}},{"start":{"line":412,"column":34},"end":{"line":412,"column":null}}],"line":412},"37":{"loc":{"start":{"line":413,"column":20},"end":{"line":413,"column":null}},"type":"binary-expr","locations":[{"start":{"line":413,"column":20},"end":{"line":413,"column":44}},{"start":{"line":413,"column":44},"end":{"line":413,"column":null}}],"line":413},"38":{"loc":{"start":{"line":414,"column":19},"end":{"line":414,"column":null}},"type":"binary-expr","locations":[{"start":{"line":414,"column":19},"end":{"line":414,"column":42}},{"start":{"line":414,"column":42},"end":{"line":414,"column":null}}],"line":414},"39":{"loc":{"start":{"line":425,"column":2},"end":{"line":427,"column":null}},"type":"if","locations":[{"start":{"line":425,"column":2},"end":{"line":427,"column":null}},{"start":{},"end":{}}],"line":425},"40":{"loc":{"start":{"line":425,"column":6},"end":{"line":425,"column":61}},"type":"binary-expr","locations":[{"start":{"line":425,"column":6},"end":{"line":425,"column":24}},{"start":{"line":425,"column":24},"end":{"line":425,"column":47}},{"start":{"line":425,"column":47},"end":{"line":425,"column":61}}],"line":425},"41":{"loc":{"start":{"line":429,"column":2},"end":{"line":431,"column":null}},"type":"if","locations":[{"start":{"line":429,"column":2},"end":{"line":431,"column":null}},{"start":{},"end":{}}],"line":429},"42":{"loc":{"start":{"line":430,"column":11},"end":{"line":430,"column":null}},"type":"cond-expr","locations":[{"start":{"line":430,"column":26},"end":{"line":430,"column":33}},{"start":{"line":430,"column":33},"end":{"line":430,"column":null}}],"line":430},"43":{"loc":{"start":{"line":433,"column":2},"end":{"line":442,"column":null}},"type":"if","locations":[{"start":{"line":433,"column":2},"end":{"line":442,"column":null}},{"start":{},"end":{}}],"line":433},"44":{"loc":{"start":{"line":441,"column":11},"end":{"line":441,"column":null}},"type":"cond-expr","locations":[{"start":{"line":441,"column":27},"end":{"line":441,"column":34}},{"start":{"line":441,"column":34},"end":{"line":441,"column":null}}],"line":441},"45":{"loc":{"start":{"line":451,"column":2},"end":{"line":453,"column":null}},"type":"if","locations":[{"start":{"line":451,"column":2},"end":{"line":453,"column":null}},{"start":{},"end":{}}],"line":451},"46":{"loc":{"start":{"line":451,"column":6},"end":{"line":451,"column":61}},"type":"binary-expr","locations":[{"start":{"line":451,"column":6},"end":{"line":451,"column":24}},{"start":{"line":451,"column":24},"end":{"line":451,"column":47}},{"start":{"line":451,"column":47},"end":{"line":451,"column":61}}],"line":451},"47":{"loc":{"start":{"line":455,"column":2},"end":{"line":457,"column":null}},"type":"if","locations":[{"start":{"line":455,"column":2},"end":{"line":457,"column":null}},{"start":{},"end":{}}],"line":455},"48":{"loc":{"start":{"line":456,"column":29},"end":{"line":456,"column":71}},"type":"binary-expr","locations":[{"start":{"line":456,"column":29},"end":{"line":456,"column":54}},{"start":{"line":456,"column":54},"end":{"line":456,"column":71}}],"line":456},"49":{"loc":{"start":{"line":459,"column":2},"end":{"line":464,"column":null}},"type":"if","locations":[{"start":{"line":459,"column":2},"end":{"line":464,"column":null}},{"start":{},"end":{}}],"line":459},"50":{"loc":{"start":{"line":473,"column":27},"end":{"line":473,"column":null}},"type":"binary-expr","locations":[{"start":{"line":473,"column":27},"end":{"line":473,"column":44}},{"start":{"line":473,"column":44},"end":{"line":473,"column":66}},{"start":{"line":473,"column":66},"end":{"line":473,"column":null}}],"line":473}},"s":{"0":1,"1":1,"2":1,"3":1,"4":0,"5":0,"6":0,"7":0,"8":0,"9":0,"10":0,"11":0,"12":0,"13":0,"14":0,"15":0,"16":0,"17":0,"18":0,"19":0,"20":0,"21":0,"22":0,"23":0,"24":0,"25":0,"26":0,"27":0,"28":0,"29":0,"30":0,"31":0,"32":0,"33":0,"34":0,"35":0,"36":0,"37":0,"38":0,"39":0,"40":0,"41":0,"42":0,"43":0,"44":0,"45":0,"46":0,"47":0,"48":0,"49":0,"50":0,"51":0,"52":0,"53":0,"54":0,"55":0,"56":0,"57":0,"58":0,"59":0,"60":0,"61":0,"62":0,"63":0,"64":0,"65":0,"66":0,"67":0,"68":0,"69":0,"70":0,"71":0,"72":0,"73":0,"74":0,"75":0,"76":0,"77":0,"78":0,"79":0,"80":0,"81":0,"82":0,"83":0,"84":0,"85":0,"86":0,"87":0,"88":0,"89":0,"90":0,"91":0,"92":0,"93":0,"94":0,"95":0,"96":0,"97":0,"98":0,"99":0,"100":0,"101":0,"102":0,"103":0,"104":0,"105":0,"106":0,"107":0,"108":0,"109":0,"110":0,"111":0,"112":0,"113":0,"114":0,"115":0,"116":0},"f":{"0":0,"1":0,"2":0,"3":0,"4":0,"5":0,"6":0,"7":0,"8":0,"9":0,"10":0,"11":0,"12":0,"13":0,"14":0},"b":{"0":[0],"1":[0],"2":[0],"3":[0,0],"4":[0,0],"5":[0,0],"6":[0,0],"7":[0,0],"8":[0,0],"9":[0,0],"10":[0,0,0,0,0],"11":[0,0],"12":[0,0],"13":[0,0],"14":[0,0],"15":[0,0],"16":[0,0],"17":[0,0],"18":[0,0],"19":[0,0],"20":[0,0],"21":[0,0],"22":[0,0],"23":[0,0],"24":[0,0,0],"25":[0,0],"26":[0,0,0],"27":[0,0],"28":[0,0,0],"29":[0,0],"30":[0,0],"31":[0,0],"32":[0,0],"33":[0,0],"34":[0,0],"35":[0,0],"36":[0,0],"37":[0,0],"38":[0,0],"39":[0,0],"40":[0,0,0],"41":[0,0],"42":[0,0],"43":[0,0],"44":[0,0],"45":[0,0],"46":[0,0,0],"47":[0,0],"48":[0,0],"49":[0,0],"50":[0,0,0]},"meta":{"lastBranch":51,"lastFunction":15,"lastStatement":117,"seen":{"s:14:32:14:Infinity":0,"s:19:29:19:Infinity":1,"s:24:28:24:Infinity":2,"s:29:43:65:Infinity":3,"f:87:22:87:Infinity":0,"b:92:6:92:8":0,"s:94:51:94:Infinity":4,"b:94:26:94:30":1,"b:94:42:94:46":2,"b:97:2:111:Infinity:undefined:undefined:undefined:undefined":3,"s:97:2:111:Infinity":5,"s:98:4:110:Infinity":6,"s:114:20:114:Infinity":7,"b:115:2:129:Infinity:undefined:undefined:undefined:undefined":4,"s:115:2:129:Infinity":8,"s:116:4:128:Infinity":9,"s:131:2:256:Infinity":10,"s:133:24:133:Infinity":11,"s:136:21:140:Infinity":12,"s:143:20:143:Infinity":13,"s:144:20:144:46":14,"b:147:4:150:Infinity:undefined:undefined:undefined:undefined":5,"s:147:4:150:Infinity":15,"s:148:6:148:Infinity":16,"s:149:6:149:Infinity":17,"b:152:4:166:Infinity:undefined:undefined:undefined:undefined":6,"s:152:4:166:Infinity":18,"s:153:6:165:Infinity":19,"s:169:20:173:Infinity":20,"b:175:4:189:Infinity:undefined:undefined:undefined:undefined":7,"s:175:4:189:Infinity":21,"b:175:8:175:20:175:20:175:42":8,"s:176:6:188:Infinity":22,"s:192:20:192:30":23,"s:193:26:193:Infinity":24,"b:195:4:209:Infinity:undefined:undefined:undefined:undefined":9,"s:195:4:209:Infinity":25,"b:195:8:195:27:195:31:195:54:195:58:195:77:195:81:195:105:195:109:195:129":10,"s:196:6:208:Infinity":26,"s:212:37:212:39":27,"s:213:47:213:49":28,"s:215:4:232:Infinity":29,"s:215:17:215:20":30,"b:215:20:215:38:215:42:215:65":11,"s:216:21:216:31":31,"s:217:23:217:30":32,"b:220:6:222:Infinity:undefined:undefined:undefined:undefined":12,"s:220:6:222:Infinity":33,"b:220:10:220:27:220:27:220:47":13,"s:221:8:221:Infinity":34,"s:225:24:225:Infinity":35,"b:227:6:231:Infinity:229:13:231:Infinity":14,"s:227:6:231:Infinity":36,"s:228:8:228:Infinity":37,"s:230:8:230:Infinity":38,"s:234:4:241:Infinity":39,"b:235:15:235:38:235:38:235:Infinity":15,"s:243:4:255:Infinity":40,"b:249:63:249:76:249:79:249:98":16,"f:262:9:262:26":1,"s:264:2:268:Infinity":41,"b:265:4:267:Infinity:undefined:undefined:undefined:undefined":17,"s:265:4:267:Infinity":42,"s:266:6:266:Infinity":43,"s:271:2:276:Infinity":44,"s:272:22:272:Infinity":45,"b:273:4:275:Infinity:undefined:undefined:undefined:undefined":18,"s:273:4:275:Infinity":46,"f:273:33:273:38":2,"s:273:38:273:76":47,"s:274:6:274:Infinity":48,"s:279:2:279:Infinity":49,"b:279:9:279:22:279:26:279:Infinity":19,"f:285:9:285:20":3,"s:286:41:286:Infinity":50,"s:288:2:297:Infinity":51,"f:288:18:288:19":4,"b:289:4:289:Infinity:undefined:undefined:undefined:undefined":20,"s:289:4:289:Infinity":52,"s:289:17:289:Infinity":53,"s:291:29:291:Infinity":54,"s:292:22:292:50":55,"b:294:4:296:Infinity:undefined:undefined:undefined:undefined":21,"s:294:4:296:Infinity":56,"s:295:6:295:Infinity":57,"s:299:2:299:Infinity":58,"f:305:9:305:Infinity":5,"s:310:45:310:47":59,"s:313:17:316:Infinity":60,"f:313:17:313:18":6,"s:314:18:314:34":61,"s:315:4:315:Infinity":62,"b:315:33:315:46:315:49:315:Infinity":22,"s:319:15:319:Infinity":63,"s:320:19:320:Infinity":64,"s:321:15:321:Infinity":65,"s:322:20:322:Infinity":66,"s:323:16:323:Infinity":67,"s:324:16:324:Infinity":68,"s:325:17:325:Infinity":69,"s:326:18:326:Infinity":70,"s:327:23:327:Infinity":71,"s:328:22:328:Infinity":72,"s:329:17:329:Infinity":73,"b:332:2:339:Infinity:undefined:undefined:undefined:undefined":23,"s:332:2:339:Infinity":74,"b:332:6:332:15:332:15:332:43:332:43:332:63":24,"s:333:4:338:Infinity":75,"b:341:2:348:Infinity:undefined:undefined:undefined:undefined":25,"s:341:2:348:Infinity":76,"b:341:6:341:19:341:19:341:51:341:51:341:75":26,"s:342:4:347:Infinity":77,"b:350:2:357:Infinity:undefined:undefined:undefined:undefined":27,"s:350:2:357:Infinity":78,"b:350:6:350:15:350:15:350:43:350:43:350:63":28,"s:351:4:356:Infinity":79,"s:359:23:359:Infinity":80,"b:360:2:374:Infinity:367:9:374:Infinity":29,"s:360:2:374:Infinity":81,"s:361:4:366:Infinity":82,"b:367:9:374:Infinity:undefined:undefined:undefined:undefined":30,"s:367:9:374:Infinity":83,"s:368:4:373:Infinity":84,"s:376:19:376:Infinity":85,"b:377:2:391:Infinity:384:9:391:Infinity":31,"s:377:2:391:Infinity":86,"s:378:4:383:Infinity":87,"b:384:9:391:Infinity:undefined:undefined:undefined:undefined":32,"s:384:9:391:Infinity":88,"s:385:4:390:Infinity":89,"b:394:2:396:Infinity:undefined:undefined:undefined:undefined":33,"s:394:2:396:Infinity":90,"s:395:4:395:Infinity":91,"s:399:19:399:Infinity":92,"s:400:22:400:Infinity":93,"s:403:2:418:Infinity":94,"b:410:13:410:25:410:25:410:Infinity":34,"b:411:14:411:32:411:32:411:Infinity":35,"b:412:15:412:34:412:34:412:Infinity":36,"b:413:20:413:44:413:44:413:Infinity":37,"b:414:19:414:42:414:42:414:Infinity":38,"f:424:9:424:21":7,"b:425:2:427:Infinity:undefined:undefined:undefined:undefined":39,"s:425:2:427:Infinity":95,"b:425:6:425:24:425:24:425:47:425:47:425:61":40,"s:426:4:426:Infinity":96,"b:429:2:431:Infinity:undefined:undefined:undefined:undefined":41,"s:429:2:431:Infinity":97,"s:430:4:430:Infinity":98,"b:430:26:430:33:430:33:430:Infinity":42,"b:433:2:442:Infinity:undefined:undefined:undefined:undefined":43,"s:433:2:442:Infinity":99,"s:435:20:438:32":100,"s:440:19:440:Infinity":101,"s:441:4:441:Infinity":102,"b:441:27:441:34:441:34:441:Infinity":44,"s:444:2:444:Infinity":103,"f:450:9:450:21":8,"b:451:2:453:Infinity:undefined:undefined:undefined:undefined":45,"s:451:2:453:Infinity":104,"b:451:6:451:24:451:24:451:47:451:47:451:61":46,"s:452:4:452:Infinity":105,"b:455:2:457:Infinity:undefined:undefined:undefined:undefined":47,"s:455:2:457:Infinity":106,"s:456:4:456:Infinity":107,"f:456:24:456:29":9,"s:456:29:456:71":108,"b:456:29:456:54:456:54:456:71":48,"f:456:75:456:80":10,"s:456:80:456:Infinity":109,"b:459:2:464:Infinity:undefined:undefined:undefined:undefined":49,"s:459:2:464:Infinity":110,"s:460:4:463:Infinity":111,"f:462:11:462:16":11,"s:462:16:462:Infinity":112,"f:463:14:463:19":12,"s:463:19:463:Infinity":113,"s:466:2:466:Infinity":114,"f:472:9:472:20":13,"s:473:2:473:Infinity":115,"f:473:19:473:27":14,"s:473:27:473:Infinity":116,"b:473:27:473:44:473:44:473:66:473:66:473:Infinity":50}}}
,"F:\\donusum\\haldeki-love\\haldeki-market\\src\\lib\\orderUtils.ts": {"path":"F:\\donusum\\haldeki-love\\haldeki-market\\src\\lib\\orderUtils.ts","statementMap":{"0":{"start":{"line":18,"column":72},"end":{"line":18,"column":74}},"1":{"start":{"line":19,"column":76},"end":{"line":19,"column":78}},"2":{"start":{"line":22,"column":21},"end":{"line":22,"column":null}},"3":{"start":{"line":22,"column":44},"end":{"line":22,"column":58}},"4":{"start":{"line":25,"column":51},"end":{"line":28,"column":null}},"5":{"start":{"line":30,"column":2},"end":{"line":33,"column":null}},"6":{"start":{"line":31,"column":4},"end":{"line":31,"column":null}},"7":{"start":{"line":32,"column":4},"end":{"line":32,"column":null}},"8":{"start":{"line":36,"column":21},"end":{"line":36,"column":null}},"9":{"start":{"line":36,"column":48},"end":{"line":36,"column":62}},"10":{"start":{"line":39,"column":55},"end":{"line":43,"column":null}},"11":{"start":{"line":45,"column":2},"end":{"line":48,"column":null}},"12":{"start":{"line":46,"column":4},"end":{"line":46,"column":null}},"13":{"start":{"line":47,"column":4},"end":{"line":47,"column":null}},"14":{"start":{"line":51,"column":27},"end":{"line":52,"column":null}},"15":{"start":{"line":52,"column":30},"end":{"line":52,"column":54}},"16":{"start":{"line":56,"column":2},"end":{"line":127,"column":null}},"17":{"start":{"line":57,"column":20},"end":{"line":57,"column":null}},"18":{"start":{"line":58,"column":26},"end":{"line":58,"column":null}},"19":{"start":{"line":61,"column":4},"end":{"line":68,"column":null}},"20":{"start":{"line":62,"column":6},"end":{"line":66,"column":null}},"21":{"start":{"line":67,"column":6},"end":{"line":67,"column":null}},"22":{"start":{"line":71,"column":4},"end":{"line":78,"column":null}},"23":{"start":{"line":72,"column":6},"end":{"line":76,"column":null}},"24":{"start":{"line":77,"column":6},"end":{"line":77,"column":null}},"25":{"start":{"line":81,"column":4},"end":{"line":88,"column":null}},"26":{"start":{"line":82,"column":6},"end":{"line":86,"column":null}},"27":{"start":{"line":87,"column":6},"end":{"line":87,"column":null}},"28":{"start":{"line":91,"column":4},"end":{"line":98,"column":null}},"29":{"start":{"line":92,"column":6},"end":{"line":96,"column":null}},"30":{"start":{"line":97,"column":6},"end":{"line":97,"column":null}},"31":{"start":{"line":101,"column":4},"end":{"line":108,"column":null}},"32":{"start":{"line":102,"column":6},"end":{"line":106,"column":null}},"33":{"start":{"line":107,"column":6},"end":{"line":107,"column":null}},"34":{"start":{"line":111,"column":25},"end":{"line":113,"column":27}},"35":{"start":{"line":115,"column":21},"end":{"line":115,"column":61}},"36":{"start":{"line":116,"column":25},"end":{"line":116,"column":null}},"37":{"start":{"line":118,"column":4},"end":{"line":126,"column":null}},"38":{"start":{"line":130,"column":24},"end":{"line":133,"column":null}},"39":{"start":{"line":131,"column":18},"end":{"line":131,"column":58}},"40":{"start":{"line":132,"column":4},"end":{"line":132,"column":null}},"41":{"start":{"line":135,"column":24},"end":{"line":137,"column":null}},"42":{"start":{"line":136,"column":4},"end":{"line":136,"column":null}},"43":{"start":{"line":139,"column":26},"end":{"line":139,"column":null}},"44":{"start":{"line":140,"column":25},"end":{"line":140,"column":null}},"45":{"start":{"line":143,"column":20},"end":{"line":143,"column":null}},"46":{"start":{"line":145,"column":2},"end":{"line":153,"column":null}},"47":{"start":{"line":166,"column":19},"end":{"line":169,"column":null}},"48":{"start":{"line":167,"column":18},"end":{"line":167,"column":58}},"49":{"start":{"line":168,"column":4},"end":{"line":168,"column":null}},"50":{"start":{"line":171,"column":19},"end":{"line":173,"column":null}},"51":{"start":{"line":172,"column":4},"end":{"line":172,"column":null}},"52":{"start":{"line":175,"column":2},"end":{"line":175,"column":null}},"53":{"start":{"line":184,"column":2},"end":{"line":184,"column":null}},"54":{"start":{"line":193,"column":43},"end":{"line":199,"column":null}},"55":{"start":{"line":201,"column":2},"end":{"line":201,"column":null}}},"fnMap":{"0":{"name":"validateOrderForRepeat","decl":{"start":{"line":13,"column":22},"end":{"line":13,"column":null}},"loc":{"start":{"line":16,"column":33},"end":{"line":154,"column":null}},"line":16},"1":{"name":"(anonymous_1)","decl":{"start":{"line":22,"column":36},"end":{"line":22,"column":44}},"loc":{"start":{"line":22,"column":44},"end":{"line":22,"column":58}},"line":22},"2":{"name":"(anonymous_2)","decl":{"start":{"line":36,"column":43},"end":{"line":36,"column":48}},"loc":{"start":{"line":36,"column":48},"end":{"line":36,"column":62}},"line":36},"3":{"name":"(anonymous_3)","decl":{"start":{"line":52,"column":24},"end":{"line":52,"column":30}},"loc":{"start":{"line":52,"column":30},"end":{"line":52,"column":54}},"line":52},"4":{"name":"(anonymous_4)","decl":{"start":{"line":130,"column":42},"end":{"line":130,"column":43}},"loc":{"start":{"line":130,"column":48},"end":{"line":133,"column":5}},"line":130},"5":{"name":"(anonymous_5)","decl":{"start":{"line":135,"column":46},"end":{"line":135,"column":47}},"loc":{"start":{"line":135,"column":52},"end":{"line":137,"column":5}},"line":135},"6":{"name":"calculatePriceDifference","decl":{"start":{"line":162,"column":16},"end":{"line":162,"column":null}},"loc":{"start":{"line":164,"column":72},"end":{"line":176,"column":null}},"line":164},"7":{"name":"(anonymous_7)","decl":{"start":{"line":166,"column":35},"end":{"line":166,"column":36}},"loc":{"start":{"line":166,"column":41},"end":{"line":169,"column":5}},"line":166},"8":{"name":"(anonymous_8)","decl":{"start":{"line":171,"column":35},"end":{"line":171,"column":36}},"loc":{"start":{"line":171,"column":41},"end":{"line":173,"column":5}},"line":171},"9":{"name":"formatPrice","decl":{"start":{"line":183,"column":16},"end":{"line":183,"column":28}},"loc":{"start":{"line":183,"column":41},"end":{"line":185,"column":null}},"line":183},"10":{"name":"getUnavailableReasonMessage","decl":{"start":{"line":192,"column":16},"end":{"line":192,"column":44}},"loc":{"start":{"line":192,"column":112},"end":{"line":202,"column":null}},"line":192}},"branchMap":{"0":{"loc":{"start":{"line":16,"column":2},"end":{"line":16,"column":33}},"type":"default-arg","locations":[{"start":{"line":16,"column":28},"end":{"line":16,"column":33}}],"line":16},"1":{"loc":{"start":{"line":30,"column":2},"end":{"line":33,"column":null}},"type":"if","locations":[{"start":{"line":30,"column":2},"end":{"line":33,"column":null}},{"start":{},"end":{}}],"line":30},"2":{"loc":{"start":{"line":36,"column":29},"end":{"line":36,"column":64}},"type":"binary-expr","locations":[{"start":{"line":36,"column":29},"end":{"line":36,"column":62}},{"start":{"line":36,"column":62},"end":{"line":36,"column":64}}],"line":36},"3":{"loc":{"start":{"line":45,"column":2},"end":{"line":48,"column":null}},"type":"if","locations":[{"start":{"line":45,"column":2},"end":{"line":48,"column":null}},{"start":{},"end":{}}],"line":45},"4":{"loc":{"start":{"line":52,"column":4},"end":{"line":52,"column":56}},"type":"binary-expr","locations":[{"start":{"line":52,"column":4},"end":{"line":52,"column":54}},{"start":{"line":52,"column":54},"end":{"line":52,"column":56}}],"line":52},"5":{"loc":{"start":{"line":61,"column":4},"end":{"line":68,"column":null}},"type":"if","locations":[{"start":{"line":61,"column":4},"end":{"line":68,"column":null}},{"start":{},"end":{}}],"line":61},"6":{"loc":{"start":{"line":71,"column":4},"end":{"line":78,"column":null}},"type":"if","locations":[{"start":{"line":71,"column":4},"end":{"line":78,"column":null}},{"start":{},"end":{}}],"line":71},"7":{"loc":{"start":{"line":81,"column":4},"end":{"line":88,"column":null}},"type":"if","locations":[{"start":{"line":81,"column":4},"end":{"line":88,"column":null}},{"start":{},"end":{}}],"line":81},"8":{"loc":{"start":{"line":91,"column":4},"end":{"line":98,"column":null}},"type":"if","locations":[{"start":{"line":91,"column":4},"end":{"line":98,"column":null}},{"start":{},"end":{}}],"line":91},"9":{"loc":{"start":{"line":101,"column":4},"end":{"line":108,"column":null}},"type":"if","locations":[{"start":{"line":101,"column":4},"end":{"line":108,"column":null}},{"start":{},"end":{}}],"line":101},"10":{"loc":{"start":{"line":111,"column":25},"end":{"line":113,"column":27}},"type":"cond-expr","locations":[{"start":{"line":112,"column":8},"end":{"line":112,"column":36}},{"start":{"line":113,"column":8},"end":{"line":113,"column":27}}],"line":111},"11":{"loc":{"start":{"line":111,"column":25},"end":{"line":111,"column":71}},"type":"binary-expr","locations":[{"start":{"line":111,"column":25},"end":{"line":111,"column":43}},{"start":{"line":111,"column":43},"end":{"line":111,"column":71}}],"line":111},"12":{"loc":{"start":{"line":115,"column":21},"end":{"line":115,"column":61}},"type":"binary-expr","locations":[{"start":{"line":115,"column":21},"end":{"line":115,"column":43}},{"start":{"line":115,"column":47},"end":{"line":115,"column":61}}],"line":115},"13":{"loc":{"start":{"line":125,"column":21},"end":{"line":125,"column":null}},"type":"binary-expr","locations":[{"start":{"line":125,"column":21},"end":{"line":125,"column":49}},{"start":{"line":125,"column":53},"end":{"line":125,"column":null}}],"line":125},"14":{"loc":{"start":{"line":131,"column":18},"end":{"line":131,"column":58}},"type":"binary-expr","locations":[{"start":{"line":131,"column":18},"end":{"line":131,"column":40}},{"start":{"line":131,"column":44},"end":{"line":131,"column":58}}],"line":131},"15":{"loc":{"start":{"line":167,"column":18},"end":{"line":167,"column":58}},"type":"binary-expr","locations":[{"start":{"line":167,"column":18},"end":{"line":167,"column":40}},{"start":{"line":167,"column":44},"end":{"line":167,"column":58}}],"line":167},"16":{"loc":{"start":{"line":201,"column":9},"end":{"line":201,"column":null}},"type":"binary-expr","locations":[{"start":{"line":201,"column":9},"end":{"line":201,"column":25}},{"start":{"line":201,"column":29},"end":{"line":201,"column":null}}],"line":201}},"s":{"0":1,"1":1,"2":1,"3":3,"4":1,"5":1,"6":0,"7":0,"8":1,"9":3,"10":1,"11":1,"12":0,"13":0,"14":1,"15":3,"16":1,"17":3,"18":3,"19":3,"20":0,"21":0,"22":3,"23":0,"24":0,"25":3,"26":0,"27":0,"28":3,"29":0,"30":0,"31":3,"32":0,"33":0,"34":3,"35":3,"36":3,"37":3,"38":1,"39":3,"40":3,"41":1,"42":3,"43":1,"44":1,"45":1,"46":1,"47":0,"48":0,"49":0,"50":0,"51":0,"52":0,"53":2,"54":1,"55":1},"f":{"0":1,"1":3,"2":3,"3":3,"4":3,"5":3,"6":0,"7":0,"8":0,"9":2,"10":1},"b":{"0":[1],"1":[0,1],"2":[1,0],"3":[0,1],"4":[1,0],"5":[0,3],"6":[0,3],"7":[0,3],"8":[0,3],"9":[0,3],"10":[0,3],"11":[3,0],"12":[3,3],"13":[3,0],"14":[3,3],"15":[0,0],"16":[1,0]},"meta":{"lastBranch":17,"lastFunction":11,"lastStatement":56,"seen":{"f:13:22:13:Infinity":0,"b:16:28:16:33":0,"s:18:72:18:74":0,"s:19:76:19:78":1,"s:22:21:22:Infinity":2,"f:22:36:22:44":1,"s:22:44:22:58":3,"s:25:51:28:Infinity":4,"b:30:2:33:Infinity:undefined:undefined:undefined:undefined":1,"s:30:2:33:Infinity":5,"s:31:4:31:Infinity":6,"s:32:4:32:Infinity":7,"s:36:21:36:Infinity":8,"b:36:29:36:62:36:62:36:64":2,"f:36:43:36:48":2,"s:36:48:36:62":9,"s:39:55:43:Infinity":10,"b:45:2:48:Infinity:undefined:undefined:undefined:undefined":3,"s:45:2:48:Infinity":11,"s:46:4:46:Infinity":12,"s:47:4:47:Infinity":13,"s:51:27:52:Infinity":14,"b:52:4:52:54:52:54:52:56":4,"f:52:24:52:30":3,"s:52:30:52:54":15,"s:56:2:127:Infinity":16,"s:57:20:57:Infinity":17,"s:58:26:58:Infinity":18,"b:61:4:68:Infinity:undefined:undefined:undefined:undefined":5,"s:61:4:68:Infinity":19,"s:62:6:66:Infinity":20,"s:67:6:67:Infinity":21,"b:71:4:78:Infinity:undefined:undefined:undefined:undefined":6,"s:71:4:78:Infinity":22,"s:72:6:76:Infinity":23,"s:77:6:77:Infinity":24,"b:81:4:88:Infinity:undefined:undefined:undefined:undefined":7,"s:81:4:88:Infinity":25,"s:82:6:86:Infinity":26,"s:87:6:87:Infinity":27,"b:91:4:98:Infinity:undefined:undefined:undefined:undefined":8,"s:91:4:98:Infinity":28,"s:92:6:96:Infinity":29,"s:97:6:97:Infinity":30,"b:101:4:108:Infinity:undefined:undefined:undefined:undefined":9,"s:101:4:108:Infinity":31,"s:102:6:106:Infinity":32,"s:107:6:107:Infinity":33,"s:111:25:113:27":34,"b:112:8:112:36:113:8:113:27":10,"b:111:25:111:43:111:43:111:71":11,"s:115:21:115:61":35,"b:115:21:115:43:115:47:115:61":12,"s:116:25:116:Infinity":36,"s:118:4:126:Infinity":37,"b:125:21:125:49:125:53:125:Infinity":13,"s:130:24:133:Infinity":38,"f:130:42:130:43":4,"s:131:18:131:58":39,"b:131:18:131:40:131:44:131:58":14,"s:132:4:132:Infinity":40,"s:135:24:137:Infinity":41,"f:135:46:135:47":5,"s:136:4:136:Infinity":42,"s:139:26:139:Infinity":43,"s:140:25:140:Infinity":44,"s:143:20:143:Infinity":45,"s:145:2:153:Infinity":46,"f:162:16:162:Infinity":6,"s:166:19:169:Infinity":47,"f:166:35:166:36":7,"s:167:18:167:58":48,"b:167:18:167:40:167:44:167:58":15,"s:168:4:168:Infinity":49,"s:171:19:173:Infinity":50,"f:171:35:171:36":8,"s:172:4:172:Infinity":51,"s:175:2:175:Infinity":52,"f:183:16:183:28":9,"s:184:2:184:Infinity":53,"f:192:16:192:44":10,"s:193:43:199:Infinity":54,"s:201:2:201:Infinity":55,"b:201:9:201:25:201:29:201:Infinity":16}}}
,"F:\\donusum\\haldeki-love\\haldeki-market\\src\\lib\\productUtils.ts": {"path":"F:\\donusum\\haldeki-love\\haldeki-market\\src\\lib\\productUtils.ts","statementMap":{"0":{"start":{"line":16,"column":20},"end":{"line":16,"column":null}},"1":{"start":{"line":16,"column":55},"end":{"line":16,"column":null}},"2":{"start":{"line":18,"column":2},"end":{"line":36,"column":null}},"3":{"start":{"line":19,"column":22},"end":{"line":19,"column":null}},"4":{"start":{"line":21,"column":4},"end":{"line":35,"column":null}},"5":{"start":{"line":48,"column":2},"end":{"line":63,"column":null}},"6":{"start":{"line":50,"column":4},"end":{"line":50,"column":null}},"7":{"start":{"line":50,"column":39},"end":{"line":50,"column":null}},"8":{"start":{"line":51,"column":4},"end":{"line":51,"column":null}},"9":{"start":{"line":51,"column":39},"end":{"line":51,"column":null}},"10":{"start":{"line":52,"column":4},"end":{"line":52,"column":null}},"11":{"start":{"line":52,"column":40},"end":{"line":52,"column":null}},"12":{"start":{"line":55,"column":19},"end":{"line":55,"column":null}},"13":{"start":{"line":56,"column":19},"end":{"line":56,"column":null}},"14":{"start":{"line":59,"column":4},"end":{"line":59,"column":null}},"15":{"start":{"line":59,"column":36},"end":{"line":59,"column":null}},"16":{"start":{"line":60,"column":4},"end":{"line":60,"column":null}},"17":{"start":{"line":60,"column":36},"end":{"line":60,"column":null}},"18":{"start":{"line":62,"column":4},"end":{"line":62,"column":null}},"19":{"start":{"line":72,"column":2},"end":{"line":72,"column":null}},"20":{"start":{"line":72,"column":22},"end":{"line":72,"column":null}},"21":{"start":{"line":74,"column":2},"end":{"line":83,"column":null}},"22":{"start":{"line":90,"column":2},"end":{"line":97,"column":null}},"23":{"start":{"line":92,"column":6},"end":{"line":92,"column":null}},"24":{"start":{"line":94,"column":6},"end":{"line":94,"column":null}},"25":{"start":{"line":96,"column":6},"end":{"line":96,"column":null}},"26":{"start":{"line":104,"column":2},"end":{"line":104,"column":null}},"27":{"start":{"line":104,"column":27},"end":{"line":104,"column":null}},"28":{"start":{"line":105,"column":2},"end":{"line":105,"column":null}},"29":{"start":{"line":105,"column":27},"end":{"line":105,"column":null}},"30":{"start":{"line":106,"column":2},"end":{"line":106,"column":null}}},"fnMap":{"0":{"name":"mergeProductsWithRegion","decl":{"start":{"line":11,"column":16},"end":{"line":11,"column":null}},"loc":{"start":{"line":13,"column":37},"end":{"line":37,"column":null}},"line":13},"1":{"name":"(anonymous_1)","decl":{"start":{"line":16,"column":47},"end":{"line":16,"column":48}},"loc":{"start":{"line":16,"column":55},"end":{"line":16,"column":null}},"line":16},"2":{"name":"(anonymous_2)","decl":{"start":{"line":18,"column":22},"end":{"line":18,"column":23}},"loc":{"start":{"line":18,"column":23},"end":{"line":36,"column":null}},"line":18},"3":{"name":"sortByAvailability","decl":{"start":{"line":45,"column":16},"end":{"line":45,"column":null}},"loc":{"start":{"line":46,"column":35},"end":{"line":64,"column":null}},"line":46},"4":{"name":"(anonymous_4)","decl":{"start":{"line":48,"column":28},"end":{"line":48,"column":29}},"loc":{"start":{"line":48,"column":32},"end":{"line":63,"column":null}},"line":48},"5":{"name":"getRegionPriceInfo","decl":{"start":{"line":69,"column":16},"end":{"line":69,"column":null}},"loc":{"start":{"line":70,"column":41},"end":{"line":84,"column":null}},"line":70},"6":{"name":"getPriceChangeLabel","decl":{"start":{"line":89,"column":16},"end":{"line":89,"column":36}},"loc":{"start":{"line":89,"column":55},"end":{"line":98,"column":null}},"line":89},"7":{"name":"getStockLabel","decl":{"start":{"line":103,"column":16},"end":{"line":103,"column":30}},"loc":{"start":{"line":103,"column":65},"end":{"line":107,"column":null}},"line":103}},"branchMap":{"0":{"loc":{"start":{"line":23,"column":18},"end":{"line":34,"column":null}},"type":"cond-expr","locations":[{"start":{"line":24,"column":10},"end":{"line":33,"column":null}},{"start":{"line":34,"column":10},"end":{"line":34,"column":null}}],"line":23},"1":{"loc":{"start":{"line":31,"column":25},"end":{"line":31,"column":76}},"type":"binary-expr","locations":[{"start":{"line":31,"column":25},"end":{"line":31,"column":57}},{"start":{"line":31,"column":57},"end":{"line":31,"column":76}}],"line":31},"2":{"loc":{"start":{"line":50,"column":4},"end":{"line":50,"column":null}},"type":"if","locations":[{"start":{"line":50,"column":4},"end":{"line":50,"column":null}},{"start":{},"end":{}}],"line":50},"3":{"loc":{"start":{"line":50,"column":8},"end":{"line":50,"column":37}},"type":"binary-expr","locations":[{"start":{"line":50,"column":8},"end":{"line":50,"column":21}},{"start":{"line":50,"column":25},"end":{"line":50,"column":37}}],"line":50},"4":{"loc":{"start":{"line":51,"column":4},"end":{"line":51,"column":null}},"type":"if","locations":[{"start":{"line":51,"column":4},"end":{"line":51,"column":null}},{"start":{},"end":{}}],"line":51},"5":{"loc":{"start":{"line":51,"column":8},"end":{"line":51,"column":37}},"type":"binary-expr","locations":[{"start":{"line":51,"column":8},"end":{"line":51,"column":20}},{"start":{"line":51,"column":24},"end":{"line":51,"column":37}}],"line":51},"6":{"loc":{"start":{"line":52,"column":4},"end":{"line":52,"column":null}},"type":"if","locations":[{"start":{"line":52,"column":4},"end":{"line":52,"column":null}},{"start":{},"end":{}}],"line":
[...]
line":334},"52":{"loc":{"start":{"line":344,"column":4},"end":{"line":369,"column":null}},"type":"if","locations":[{"start":{"line":344,"column":4},"end":{"line":369,"column":null}},{"start":{},"end":{}}],"line":344},"53":{"loc":{"start":{"line":346,"column":8},"end":{"line":367,"column":null}},"type":"if","locations":[{"start":{"line":346,"column":8},"end":{"line":367,"column":null}},{"start":{"line":353,"column":15},"end":{"line":367,"column":null}}],"line":346},"54":{"loc":{"start":{"line":353,"column":15},"end":{"line":367,"column":null}},"type":"if","locations":[{"start":{"line":353,"column":15},"end":{"line":367,"column":null}},{"start":{"line":360,"column":15},"end":{"line":367,"column":null}}],"line":353},"55":{"loc":{"start":{"line":360,"column":15},"end":{"line":367,"column":null}},"type":"if","locations":[{"start":{"line":360,"column":15},"end":{"line":367,"column":null}},{"start":{},"end":{}}],"line":360},"56":{"loc":{"start":{"line":384,"column":2},"end":{"line":384,"column":33}},"type":"default-arg","locations":[{"start":{"line":384,"column":31},"end":{"line":384,"column":33}}],"line":384},"57":{"loc":{"start":{"line":424,"column":11},"end":{"line":424,"column":null}},"type":"binary-expr","locations":[{"start":{"line":424,"column":11},"end":{"line":424,"column":20}},{"start":{"line":424,"column":24},"end":{"line":424,"column":null}}],"line":424},"58":{"loc":{"start":{"line":425,"column":12},"end":{"line":425,"column":null}},"type":"binary-expr","locations":[{"start":{"line":425,"column":12},"end":{"line":425,"column":34}},{"start":{"line":425,"column":34},"end":{"line":425,"column":null}}],"line":425},"59":{"loc":{"start":{"line":426,"column":13},"end":{"line":426,"column":null}},"type":"binary-expr","locations":[{"start":{"line":426,"column":13},"end":{"line":426,"column":50}},{"start":{"line":426,"column":50},"end":{"line":426,"column":null}}],"line":426},"60":{"loc":{"start":{"line":427,"column":18},"end":{"line":427,"column":null}},"type":"binary-expr","locations":[{"start":{"line":427,"column":18},"end":{"line":427,"column":60}},{"start":{"line":427,"column":60},"end":{"line":427,"column":null}}],"line":427},"61":{"loc":{"start":{"line":428,"column":17},"end":{"line":428,"column":null}},"type":"binary-expr","locations":[{"start":{"line":428,"column":17},"end":{"line":428,"column":44}},{"start":{"line":428,"column":44},"end":{"line":428,"column":null}}],"line":428},"62":{"loc":{"start":{"line":429,"column":12},"end":{"line":429,"column":null}},"type":"binary-expr","locations":[{"start":{"line":429,"column":12},"end":{"line":429,"column":22}},{"start":{"line":429,"column":26},"end":{"line":429,"column":null}}],"line":429}},"s":{"0":2,"1":2,"2":2,"3":2,"4":13,"5":13,"6":13,"7":13,"8":2,"9":11,"10":0,"11":11,"12":0,"13":13,"14":0,"15":13,"16":13,"17":1,"18":13,"19":0,"20":13,"21":13,"22":0,"23":13,"24":0,"25":13,"26":1,"27":12,"28":0,"29":13,"30":0,"31":13,"32":0,"33":13,"34":0,"35":13,"36":13,"37":0,"38":13,"39":0,"40":13,"41":0,"42":13,"43":13,"44":0,"45":13,"46":0,"47":13,"48":13,"49":0,"50":13,"51":13,"52":13,"53":13,"54":0,"55":13,"56":13,"57":0,"58":13,"59":13,"60":13,"61":13,"62":0,"63":13,"64":5,"65":0,"66":5,"67":0,"68":13,"69":0,"70":13,"71":13,"72":0,"73":13,"74":13,"75":2,"76":0,"77":2,"78":1,"79":1,"80":1,"81":13,"82":5,"83":5,"84":5,"85":12,"86":12,"87":12,"88":5,"89":2,"90":2,"91":2,"92":1,"93":4},"f":{"0":13,"1":2,"2":5,"3":12,"4":2,"5":4},"b":{"0":[13],"1":[13],"2":[13],"3":[13],"4":[13],"5":[2,11],"6":[13,11],"7":[0,11],"8":[0,11],"9":[0,13],"10":[13,13],"11":[1,12],"12":[0,13],"13":[13,13],"14":[0,13],"15":[0,13],"16":[13,13],"17":[1,12],"18":[0,12],"19":[0,13],"20":[13,13],"21":[0,13],"22":[0,13],"23":[13,0],"24":[13,13],"25":[0,13],"26":[13,13],"27":[0,13],"28":[0,13],"29":[13,0],"30":[13,13],"31":[0,13],"32":[0,13],"33":[13,0],"34":[13,13],"35":[0,13],"36":[13,0],"37":[0,13],"38":[13,0],"39":[13,13],"40":[0,13],"41":[13,0],"42":[0,13],"43":[5,8],"44":[13,13],"45":[0,5],"46":[0,5],"47":[0,13],"48":[13,0,0],"49":[13,0],"50":[13,13],"51":[0,13],"52":[13,0],"53":[0,2],"54":[1,1],"55":[1,0],"56":[5],"57":[4,0],"58":[4,1],"59":[4,1],"60":[4,1],"61":[4,2],"62":[4,0]},"meta":{"lastBranch":63,"lastFunction":6,"lastStatement":94,"seen":{"s:13:32:25:Infinity":0,"s:30:27:30:Infinity":1,"s:35:29:35:Infinity":2,"s:40:34:40:Infinity":3,"f:69:16:69:Infinity":0,"b:72:31:72:33":0,"s:79:6:79:Infinity":4,"b:75:20:75:25":1,"b:76:27:76:31":2,"b:77:16:77:18":3,"b:78:16:78:20":4,"s:81:32:81:34":5,"s:82:49:82:51":6,"b:85:2:106:Infinity:92:9:106:Infinity":5,"s:85:2:106:Infinity":7,"b:85:6:85:15:85:19:85:49":6,"s:86:4:91:Infinity":8,"b:92:9:106:Infinity:99:9:106:Infinity":7,"s:92:9:106:Infinity":9,"s:93:4:98:Infinity":10,"b:99:9:106:Infinity:undefined:undefined:undefined:undefined":8,"s:99:9:106:Infinity":11,"s:100:4:105:Infinity":12,"b:109:2:126:Infinity:116:9:126:Infinity":9,"s:109:2:126:Infinity":13,"b:109:6:109:19:109:23:109:57":10,"s:110:4:115:Infinity":14,"s:117:31:117:Infinity":15,"b:118:4:125:Infinity:undefined:undefined:undefined:undefined":11,"s:118:4:125:Infinity":16,"s:119:6:124:Infinity":17,"b:129:2:146:Infinity:136:9:146:Infinity":12,"s:129:2:146:Infinity":18,"b:129:6:129:15:129:19:129:49":13,"s:130:4:135:Infinity":19,"s:137:27:137:Infinity":20,"b:138:4:145:Infinity:undefined:undefined:undefined:undefined":14,"s:138:4:145:Infinity":21,"s:139:6:144:Infinity":22,"b:149:2:170:Infinity:156:9:170:Infinity":15,"s:149:2:170:Infinity":23,"b:149:6:149:43:149:43:149:65":16,"s:150:4:155:Infinity":24,"b:156:9:170:Infinity:163:9:170:Infinity":17,"s:156:9:170:Infinity":25,"s:157:4:162:Infinity":26,"b:163:9:170:Infinity:undefined:undefined:undefined:undefined":18,"s:163:9:170:Infinity":27,"s:164:4:169:Infinity":28,"b:173:2:194:Infinity:180:9:194:Infinity":19,"s:173:2:194:Infinity":29,"b:173:6:173:39:173:39:173:57":20,"s:174:4:179:Infinity":30,"b:180:9:194:Infinity:187:9:194:Infinity":21,"s:180:9:194:Infinity":31,"s:181:4:186:Infinity":32,"b:187:9:194:Infinity:undefined:undefined:undefined:undefined":22,"s:187:9:194:Infinity":33,"s:188:4:193:Infinity":34,"b:197:2:220:Infinity:undefined:undefined:undefined:undefined":23,"s:197:2:220:Infinity":35,"b:197:6:197:33:197:33:197:53":24,"b:198:4:219:Infinity:205:11:219:Infinity":25,"s:198:4:219:Infinity":36,"b:198:8:198:41:198:41:198:59":26,"s:199:6:204:Infinity":37,"b:205:11:219:Infinity:212:11:219:Infinity":27,"s:205:11:219:Infinity":38,"s:206:6:211:Infinity":39,"b:212:11:219:Infinity:undefined:undefined:undefined:undefined":28,"s:212:11:219:Infinity":40,"s:213:6:218:Infinity":41,"b:223:2:239:Infinity:undefined:undefined:undefined:undefined":29,"s:223:2:239:Infinity":42,"b:223:6:223:34:223:34:223:55":30,"b:224:4:238:Infinity:231:11:238:Infinity":31,"s:224:4:238:Infinity":43,"s:225:6:230:Infinity":44,"b:231:11:238:Infinity:undefined:undefined:undefined:undefined":32,"s:231:11:238:Infinity":45,"s:232:6:237:Infinity":46,"b:242:2:270:Infinity:undefined:undefined:undefined:undefined":33,"s:242:2:270:Infinity":47,"b:242:6:242:35:242:35:242:57":34,"b:243:4:269:Infinity:250:11:269:Infinity":35,"s:243:4:269:Infinity":48,"s:244:6:249:Infinity":49,"s:251:32:251:Infinity":50,"s:253:49:258:Infinity":51,"s:260:28:260:Infinity":52,"b:260:28:260:57:260:61:260:Infinity":36,"b:261:6:268:Infinity:undefined:undefined:undefined:undefined":37,"s:261:6:268:Infinity":53,"s:262:8:267:Infinity":54,"b:273:2:302:Infinity:undefined:undefined:undefined:undefined":38,"s:273:2:302:Infinity":55,"b:273:6:273:40:273:40:273:67":39,"b:274:4:301:Infinity:281:11:301:Infinity":40,"s:274:4:301:Infinity":56,"s:275:6:280:Infinity":57,"s:282:37:282:Infinity":58,"s:284:54:290:Infinity":59,"s:292:33:292:Infinity":60,"b:292:33:292:72:292:76:292:Infinity":41,"b:293:6:300:Infinity:undefined:undefined:undefined:undefined":42,"s:293:6:300:Infinity":61,"s:294:8:299:Infinity":62,"b:305:2:321:Infinity:undefined:undefined:undefined:undefined":43,"s:305:2:321:Infinity":63,"b:305:6:305:39:305:39:305:65":44,"b:306:4:320:Infinity:313:11:320:Infinity":45,"s:306:4:320:Infinity":64,"s:307:6:312:Infinity":65,"b:313:11:320:Infinity:undefined:undefined:undefined:undefined":46,"s:313:11:320:Infinity":66,"s:314:6:319:Infinity":67,"b:324:2:331:Infinity:undefined:undefined:undefined:undefined":47,"s:324:2:331:Infinity":68,"b:324:6:324:24:324:24:324:35:324:39:324:65":48,"s:325:4:330:Infinity":69,"b:333:2:370:Infinity:undefined:undefined:undefined:undefined":49,"s:333:2:370:Infinity":70,"b:333:6:333:16:333:20:333:47":50,"b:334:4:341:Infinity:undefined:undefined:undefined:undefined":51,"s:334:4:341:Infinity":71,"s:335:6:340:Infinity":72,"b:344:4:369:Infinity:undefined:undefined:undefined:undefined":52,"s:344:4:369:Infinity":73,"s:345:6:368:Infinity":74,"f:345:25:345:26":1,"b:346:8:367:Infinity:353:15:367:Infinity":53,"s:346:8:367:Infinity":75,"s:347:10:352:Infinity":76,"b:353:15:367:Infinity:360:15:367:Infinity":54,"s:353:15:367:Infinity":77,"s:354:10:359:Infinity":78,"b:360:15:367:Infinity:undefined:undefined:undefined:undefined":55,"s:360:15:367:Infinity":79,"s:361:10:366:Infinity":80,"s:372:2:376:Infinity":81,"f:382:16:382:Infinity":2,"b:384:31:384:33":56,"s:386:35:386:37":82,"s:387:52:387:54":83,"s:389:2:393:Infinity":84,"f:389:15:389:16":3,"s:390:19:390:64":85,"s:391:4:391:Infinity":86,"s:392:4:392:Infinity":87,"s:395:2:399:Infinity":88,"f:405:9:405:20":4,"s:406:2:411:Infinity":89,"s:407:4:407:Infinity":90,"s:408:4:408:Infinity":91,"s:410:4:410:Infinity":92,"f:417:16:417:36":5,"s:418:2:430:Infinity":93,"b:424:11:424:20:424:24:424:Infinity":57,"b:425:12:425:34:425:34:425:Infinity":58,"b:426:13:426:50:426:50:426:Infinity":59,"b:427:18:427:60:427:60:427:Infinity":60,"b:428:17:428:44:428:44:428:Infinity":61,"b:429:12:429:22:429:26:429:Infinity":62}}}
,"F:\\donusum\\haldeki-love\\haldeki-market\\src\\lib\\utils.ts": {"path":"F:\\donusum\\haldeki-love\\haldeki-market\\src\\lib\\utils.ts","statementMap":{"0":{"start":{"line":5,"column":2},"end":{"line":5,"column":null}},"1":{"start":{"line":13,"column":2},"end":{"line":22,"column":39}},"2":{"start":{"line":29,"column":13},"end":{"line":29,"column":null}},"3":{"start":{"line":30,"column":16},"end":{"line":30,"column":null}},"4":{"start":{"line":33,"column":2},"end":{"line":36,"column":null}},"5":{"start":{"line":34,"column":4},"end":{"line":34,"column":null}},"6":{"start":{"line":35,"column":4},"end":{"line":35,"column":null}},"7":{"start":{"line":38,"column":2},"end":{"line":38,"column":null}}},"fnMap":{"0":{"name":"cn","decl":{"start":{"line":4,"column":16},"end":{"line":4,"column":19}},"loc":{"start":{"line":4,"column":42},"end":{"line":6,"column":null}},"line":4},"1":{"name":"generateSlug","decl":{"start":{"line":12,"column":16},"end":{"line":12,"column":29}},"loc":{"start":{"line":12,"column":41},"end":{"line":23,"column":null}},"line":12},"2":{"name":"generateUniqueSlug","decl":{"start":{"line":28,"column":16},"end":{"line":28,"column":35}},"loc":{"start":{"line":28,"column":81},"end":{"line":39,"column":null}},"line":28}},"branchMap":{"0":{"loc":{"start":{"line":28,"column":53},"end":{"line":28,"column":81}},"type":"default-arg","locations":[{"start":{"line":28,"column":79},"end":{"line":28,"column":81}}],"line":28}},"s":{"0":0,"1":46,"2":6,"3":6,"4":6,"5":4,"6":4,"7":6},"f":{"0":0,"1":46,"2":6},"b":{"0":[6]},"meta":{"lastBranch":1,"lastFunction":3,"lastStatement":8,"seen":{"f:4:16:4:19":0,"s:5:2:5:Infinity":0,"f:12:16:12:29":1,"s:13:2:22:39":1,"f:28:16:28:35":2,"b:28:79:28:81":0,"s:29:13:29:Infinity":2,"s:30:16:30:Infinity":3,"s:33:2:36:Infinity":4,"s:34:4:34:Infinity":5,"s:35:4:35:Infinity":6,"s:38:2:38:Infinity":7}}}
,"F:\\donusum\\haldeki-love\\haldeki-market\\src\\utils\\passwordUtils.ts": {"path":"F:\\donusum\\haldeki-love\\haldeki-market\\src\\utils\\passwordUtils.ts","statementMap":{"0":{"start":{"line":11,"column":20},"end":{"line":11,"column":null}},"1":{"start":{"line":12,"column":20},"end":{"line":12,"column":null}},"2":{"start":{"line":13,"column":18},"end":{"line":13,"column":null}},"3":{"start":{"line":14,"column":18},"end":{"line":14,"column":null}},"4":{"start":{"line":16,"column":19},"end":{"line":16,"column":null}},"5":{"start":{"line":19,"column":17},"end":{"line":19,"column":null}},"6":{"start":{"line":20,"column":2},"end":{"line":20,"column":null}},"7":{"start":{"line":21,"column":2},"end":{"line":21,"column":null}},"8":{"start":{"line":22,"column":2},"end":{"line":22,"column":null}},"9":{"start":{"line":23,"column":2},"end":{"line":23,"column":null}},"10":{"start":{"line":26,"column":2},"end":{"line":28,"column":null}},"11":{"start":{"line":26,"column":15},"end":{"line":26,"column":30}},"12":{"start":{"line":27,"column":4},"end":{"line":27,"column":null}},"13":{"start":{"line":31,"column":2},"end":{"line":31,"column":null}},"14":{"start":{"line":31,"column":39},"end":{"line":31,"column":60}},"15":{"start":{"line":40,"column":27},"end":{"line":40,"column":29}},"16":{"start":{"line":42,"column":2},"end":{"line":44,"column":null}},"17":{"start":{"line":43,"column":4},"end":{"line":43,"column":null}},"18":{"start":{"line":46,"column":2},"end":{"line":48,"column":null}},"19":{"start":{"line":47,"column":4},"end":{"line":47,"column":null}},"20":{"start":{"line":50,"column":2},"end":{"line":53,"column":null}},"21":{"start":{"line":67,"column":18},"end":{"line":67,"column":null}},"22":{"start":{"line":68,"column":2},"end":{"line":71,"column":null}},"23":{"start":{"line":68,"column":15},"end":{"line":68,"column":18}},"24":{"start":{"line":69,"column":21},"end":{"line":69,"column":null}},"25":{"start":{"line":70,"column":4},"end":{"line":70,"column":null}},"26":{"start":{"line":72,"column":2},"end":{"line":72,"column":null}},"27":{"start":{"line":82,"column":2},"end":{"line":93,"column":null}},"28":{"start":{"line":83,"column":20},"end":{"line":83,"column":null}},"29":{"start":{"line":84,"column":20},"end":{"line":84,"column":null}},"30":{"start":{"line":85,"column":4},"end":{"line":88,"column":null}},"31":{"start":{"line":85,"column":17},"end":{"line":85,"column":20}},"32":{"start":{"line":86,"column":23},"end":{"line":86,"column":null}},"33":{"start":{"line":87,"column":6},"end":{"line":87,"column":null}},"34":{"start":{"line":89,"column":4},"end":{"line":89,"column":null}},"35":{"start":{"line":91,"column":4},"end":{"line":91,"column":null}},"36":{"start":{"line":92,"column":4},"end":{"line":92,"column":null}},"37":{"start":{"line":102,"column":2},"end":{"line":107,"column":null}},"38":{"start":{"line":103,"column":22},"end":{"line":103,"column":null}},"39":{"start":{"line":104,"column":4},"end":{"line":104,"column":null}},"40":{"start":{"line":106,"column":4},"end":{"line":106,"column":null}},"41":{"start":{"line":116,"column":2},"end":{"line":123,"column":null}},"42":{"start":{"line":117,"column":22},"end":{"line":117,"column":null}},"43":{"start":{"line":118,"column":4},"end":{"line":118,"column":null}},"44":{"start":{"line":118,"column":20},"end":{"line":118,"column":null}},"45":{"start":{"line":119,"column":4},"end":{"line":119,"column":null}},"46":{"start":{"line":121,"column":4},"end":{"line":121,"column":null}},"47":{"start":{"line":122,"column":4},"end":{"line":122,"column":null}},"48":{"start":{"line":131,"column":2},"end":{"line":131,"column":null}}},"fnMap":{"0":{"name":"generatePassword","decl":{"start":{"line":10,"column":16},"end":{"line":10,"column":33}},"loc":{"start":{"line":10,"column":52},"end":{"line":32,"column":null}},"line":10},"1":{"name":"(anonymous_1)","decl":{"start":{"line":31,"column":33},"end":{"line":31,"column":39}},"loc":{"start":{"line":31,"column":39},"end":{"line":31,"column":60}},"line":31},"2":{"name":"validatePassword","decl":{"start":{"line":39,"column":16},"end":{"line":39,"column":33}},"loc":{"start":{"line":39,"column":49},"end":{"line":54,"column":null}},"line":39},"3":{"name":"encryptPassword","decl":{"start":{"line":65,"column":16},"end":{"line":65,"column":32}},"loc":{"start":{"line":65,"column":87},"end":{"line":73,"column":null}},"line":65},"4":{"name":"decryptPassword","decl":{"start":{"line":81,"column":16},"end":{"line":81,"column":32}},"loc":{"start":{"line":81,"column":92},"end":{"line":94,"column":null}},"line":81},"5":{"name":"storeTemporaryPassword","decl":{"start":{"line":101,"column":16},"end":{"line":101,"column":39}},"loc":{"start":{"line":101,"column":71},"end":{"line":108,"column":null}},"line":101},"6":{"name":"getTemporaryPassword","decl":{"start":{"line":115,"column":16},"end":{"line":115,"column":37}},"loc":{"start":{"line":115,"column":51},"end":{"line":124,"column":null}},"line":115},"7":{"name":"removeTemporaryPassword","decl":{"start":{"line":130,"column":16},"end":{"line":130,"column":40}},"loc":{"start":{"line":130,"column":54},"end":{"line":132,"column":null}},"line":130}},"branchMap":{"0":{"loc":{"start":{"line":10,"column":33},"end":{"line":10,"column":52}},"type":"default-arg","locations":[{"start":{"line":10,"column":50},"end":{"line":10,"column":52}}],"line":10},"1":{"loc":{"start":{"line":42,"column":2},"end":{"line":44,"column":null}},"type":"if","locations":[{"start":{"line":42,"column":2},"end":{"line":44,"column":null}},{"start":{},"end":{}}],"line":42},"2":{"loc":{"start":{"line":46,"column":2},"end":{"line":48,"column":null}},"type":"if","locations":[{"start":{"line":46,"column":2},"end":{"line":48,"column":null}},{"start":{},"end":{}}],"line":46},"3":{"loc":{"start":{"line":65,"column":46},"end":{"line":65,"column":87}},"type":"default-arg","locations":[{"start":{"line":65,"column":60},"end":{"line":65,"column":87}}],"line":65},"4":{"loc":{"start":{"line":81,"column":51},"end":{"line":81,"column":92}},"type":"default-arg","locations":[{"start":{"line":81,"column":65},"end":{"line":81,"column":92}}],"line":81},"5":{"loc":{"start":{"line":118,"column":4},"end":{"line":118,"column":null}},"type":"if","locations":[{"start":{"line":118,"column":4},"end":{"line":118,"column":null}},{"start":{},"end":{}}],"line":118}},"s":{"0":2,"1":2,"2":2,"3":2,"4":2,"5":2,"6":2,"7":2,"8":2,"9":2,"10":2,"11":2,"12":19,"13":2,"14":69,"15":2,"16":2,"17":1,"18":2,"19":0,"20":2,"21":2,"22":2,"23":2,"24":32,"25":32,"26":2,"27":2,"28":2,"29":2,"30":2,"31":2,"32":32,"33":32,"34":2,"35":0,"36":0,"37":0,"38":0,"39":0,"40":0,"41":0,"42":0,"43":0,"44":0,"45":0,"46":0,"47":0,"48":0},"f":{"0":2,"1":69,"2":2,"3":2,"4":2,"5":0,"6":0,"7":0},"b":{"0":[2],"1":[1,1],"2":[0,2],"3":[2],"4":[2],"5":[0,0]},"meta":{"lastBranch":6,"lastFunction":8,"lastStatement":49,"seen":{"f:10:16:10:33":0,"b:10:50:10:52":0,"s:11:20:11:Infinity":0,"s:12:20:12:Infinity":1,"s:13:18:13:Infinity":2,"s:14:18:14:Infinity":3,"s:16:19:16:Infinity":4,"s:19:17:19:Infinity":5,"s:20:2:20:Infinity":6,"s:21:2:21:Infinity":7,"s:22:2:22:Infinity":8,"s:23:2:23:Infinity":9,"s:26:2:28:Infinity":10,"s:26:15:26:30":11,"s:27:4:27:Infinity":12,"s:31:2:31:Infinity":13,"f:31:33:31:39":1,"s:31:39:31:60":14,"f:39:16:39:33":2,"s:40:27:40:29":15,"b:42:2:44:Infinity:undefined:undefined:undefined:undefined":1,"s:42:2:44:Infinity":16,"s:43:4:43:Infinity":17,"b:46:2:48:Infinity:undefined:undefined:undefined:undefined":2,"s:46:2:48:Infinity":18,"s:47:4:47:Infinity":19,"s:50:2:53:Infinity":20,"f:65:16:65:32":3,"b:65:60:65:87":3,"s:67:18:67:Infinity":21,"s:68:2:71:Infinity":22,"s:68:15:68:18":23,"s:69:21:69:Infinity":24,"s:70:4:70:Infinity":25,"s:72:2:72:Infinity":26,"f:81:16:81:32":4,"b:81:65:81:92":4,"s:82:2:93:Infinity":27,"s:83:20:83:Infinity":28,"s:84:20:84:Infinity":29,"s:85:4:88:Infinity":30,"s:85:17:85:20":31,"s:86:23:86:Infinity":32,"s:87:6:87:Infinity":33,"s:89:4:89:Infinity":34,"s:91:4:91:Infinity":35,"s:92:4:92:Infinity":36,"f:101:16:101:39":5,"s:102:2:107:Infinity":37,"s:103:22:103:Infinity":38,"s:104:4:104:Infinity":39,"s:106:4:106:Infinity":40,"f:115:16:115:37":6,"s:116:2:123:Infinity":41,"s:117:22:117:Infinity":42,"b:118:4:118:Infinity:undefined:undefined:undefined:undefined":5,"s:118:4:118:Infinity":43,"s:118:20:118:Infinity":44,"s:119:4:119:Infinity":45,"s:121:4:121:Infinity":46,"s:122:4:122:Infinity":47,"f:130:16:130:40":7,"s:131:2:131:Infinity":48}}}
}
