{"F:\\donusum\\haldeki-love\\haldeki-market\\src\\integrations\\supabase\\client.ts": {"path":"F:\\donusum\\haldeki-love\\haldeki-market\\src\\integrations\\supabase\\client.ts","statementMap":{"0":{"start":{"line":5,"column":21},"end":{"line":5,"column":54}},"1":{"start":{"line":6,"column":26},"end":{"line":6,"column":113}},"2":{"start":{"line":8,"column":0},"end":{"line":12,"column":null}},"3":{"start":{"line":9,"column":2},"end":{"line":9,"column":null}},"4":{"start":{"line":10,"column":2},"end":{"line":10,"column":null}},"5":{"start":{"line":11,"column":2},"end":{"line":11,"column":null}},"6":{"start":{"line":17,"column":13},"end":{"line":23,"column":null}}},"fnMap":{},"branchMap":{"0":{"loc":{"start":{"line":6,"column":26},"end":{"line":6,"column":113}},"type":"binary-expr","locations":[{"start":{"line":6,"column":26},"end":{"line":6,"column":64}},{"start":{"line":6,"column":68},"end":{"line":6,"column":113}}],"line":6},"1":{"loc":{"start":{"line":8,"column":0},"end":{"line":12,"column":null}},"type":"if","locations":[{"start":{"line":8,"column":0},"end":{"line":12,"column":null}},{"start":{},"end":{}}],"line":8},"2":{"loc":{"start":{"line":8,"column":4},"end":{"line":8,"column":41}},"type":"binary-expr","locations":[{"start":{"line":8,"column":4},"end":{"line":8,"column":21}},{"start":{"line":8,"column":21},"end":{"line":8,"column":41}}],"line":8},"3":{"loc":{"start":{"line":10,"column":38},"end":{"line":10,"column":null}},"type":"cond-expr","locations":[{"start":{"line":10,"column":53},"end":{"line":10,"column":59}},{"start":{"line":10,"column":59},"end":{"line":10,"column":null}}],"line":10},"4":{"loc":{"start":{"line":11,"column":43},"end":{"line":11,"column":null}},"type":"cond-expr","locations":[{"start":{"line":11,"column":63},"end":{"line":11,"column":69}},{"start":{"line":11,"column":69},"end":{"line":11,"column":null}}],"line":11},"5":{"loc":{"start":{"line":17,"column":47},"end":{"line":17,"column":67}},"type":"binary-expr","locations":[{"start":{"line":17,"column":47},"end":{"line":17,"column":63}},{"start":{"line":17,"column":63},"end":{"line":17,"column":67}}],"line":17},"6":{"loc":{"start":{"line":17,"column":67},"end":{"line":17,"column":92}},"type":"binary-expr","locations":[{"start":{"line":17,"column":67},"end":{"line":17,"column":88}},{"start":{"line":17,"column":88},"end":{"line":17,"column":92}}],"line":17}},"s":{"0":1,"1":1,"2":1,"3":0,"4":0,"5":0,"6":1},"f":{},"b":{"0":[1,0],"1":[0,1],"2":[1,1],"3":[0,0],"4":[0,0],"5":[1,0],"6":[1,0]},"meta":{"lastBranch":7,"lastFunction":0,"lastStatement":7,"seen":{"s:5:21:5:54":0,"s:6:26:6:113":1,"b:6:26:6:64:6:68:6:113":0,"b:8:0:12:Infinity:undefined:undefined:undefined:undefined":1,"s:8:0:12:Infinity":2,"b:8:4:8:21:8:21:8:41":2,"s:9:2:9:Infinity":3,"s:10:2:10:Infinity":4,"b:10:53:10:59:10:59:10:Infinity":3,"s:11:2:11:Infinity":5,"b:11:63:11:69:11:69:11:Infinity":4,"s:17:13:23:Infinity":6,"b:17:47:17:63:17:63:17:67":5,"b:17:67:17:88:17:88:17:92":6}}}
,"F:\\donusum\\haldeki-love\\haldeki-market\\src\\lib\\validation.ts": {"path":"F:\\donusum\\haldeki-love\\haldeki-market\\src\\lib\\validation.ts","statementMap":{"0":{"start":{"line":8,"column":25},"end":{"line":8,"column":33}},"1":{"start":{"line":9,"column":25},"end":{"line":9,"column":33}},"2":{"start":{"line":10,"column":34},"end":{"line":10,"column":null}},"3":{"start":{"line":23,"column":2},"end":{"line":25,"column":null}},"4":{"start":{"line":24,"column":4},"end":{"line":24,"column":null}},"5":{"start":{"line":28,"column":18},"end":{"line":28,"column":null}},"6":{"start":{"line":31,"column":2},"end":{"line":33,"column":null}},"7":{"start":{"line":32,"column":4},"end":{"line":32,"column":null}},"8":{"start":{"line":35,"column":2},"end":{"line":41,"column":null}},"9":{"start":{"line":36,"column":19},"end":{"line":36,"column":null}},"10":{"start":{"line":38,"column":4},"end":{"line":38,"column":null}},"11":{"start":{"line":40,"column":4},"end":{"line":40,"column":null}},"12":{"start":{"line":51,"column":2},"end":{"line":53,"column":null}},"13":{"start":{"line":52,"column":4},"end":{"line":52,"column":null}},"14":{"start":{"line":55,"column":18},"end":{"line":55,"column":null}},"15":{"start":{"line":57,"column":2},"end":{"line":59,"column":null}},"16":{"start":{"line":58,"column":4},"end":{"line":58,"column":null}},"17":{"start":{"line":61,"column":2},"end":{"line":61,"column":null}},"18":{"start":{"line":75,"column":2},"end":{"line":77,"column":null}},"19":{"start":{"line":76,"column":4},"end":{"line":76,"column":null}},"20":{"start":{"line":79,"column":2},"end":{"line":81,"column":null}},"21":{"start":{"line":80,"column":4},"end":{"line":80,"column":null}},"22":{"start":{"line":83,"column":2},"end":{"line":85,"column":null}},"23":{"start":{"line":84,"column":4},"end":{"line":84,"column":null}},"24":{"start":{"line":88,"column":24},"end":{"line":88,"column":69}},"25":{"start":{"line":89,"column":2},"end":{"line":91,"column":null}},"26":{"start":{"line":90,"column":4},"end":{"line":90,"column":null}},"27":{"start":{"line":93,"column":2},"end":{"line":93,"column":null}},"28":{"start":{"line":102,"column":2},"end":{"line":104,"column":null}},"29":{"start":{"line":103,"column":4},"end":{"line":103,"column":null}},"30":{"start":{"line":106,"column":2},"end":{"line":108,"column":null}},"31":{"start":{"line":107,"column":4},"end":{"line":107,"column":null}},"32":{"start":{"line":110,"column":2},"end":{"line":112,"column":null}},"33":{"start":{"line":111,"column":4},"end":{"line":111,"column":null}},"34":{"start":{"line":114,"column":2},"end":{"line":116,"column":null}},"35":{"start":{"line":115,"column":4},"end":{"line":115,"column":null}},"36":{"start":{"line":118,"column":2},"end":{"line":118,"column":null}},"37":{"start":{"line":125,"column":2},"end":{"line":125,"column":null}},"38":{"start":{"line":132,"column":2},"end":{"line":132,"column":null}},"39":{"start":{"line":145,"column":2},"end":{"line":147,"column":null}},"40":{"start":{"line":146,"column":4},"end":{"line":146,"column":null}},"41":{"start":{"line":149,"column":18},"end":{"line":149,"column":null}},"42":{"start":{"line":150,"column":2},"end":{"line":150,"column":null}},"43":{"start":{"line":157,"column":2},"end":{"line":159,"column":null}},"44":{"start":{"line":158,"column":4},"end":{"line":158,"column":null}},"45":{"start":{"line":161,"column":2},"end":{"line":161,"column":null}},"46":{"start":{"line":170,"column":2},"end":{"line":172,"column":null}},"47":{"start":{"line":171,"column":4},"end":{"line":171,"column":null}},"48":{"start":{"line":174,"column":18},"end":{"line":174,"column":null}},"49":{"start":{"line":175,"column":2},"end":{"line":175,"column":null}},"50":{"start":{"line":184,"column":2},"end":{"line":186,"column":null}},"51":{"start":{"line":185,"column":4},"end":{"line":185,"column":null}},"52":{"start":{"line":188,"column":18},"end":{"line":188,"column":null}},"53":{"start":{"line":189,"column":2},"end":{"line":189,"column":null}}},"fnMap":{"0":{"name":"isValidImageUrl","decl":{"start":{"line":22,"column":16},"end":{"line":22,"column":32}},"loc":{"start":{"line":22,"column":43},"end":{"line":42,"column":null}},"line":22},"1":{"name":"sanitizeImageUrl","decl":{"start":{"line":50,"column":16},"end":{"line":50,"column":33}},"loc":{"start":{"line":50,"column":44},"end":{"line":62,"column":null}},"line":50},"2":{"name":"isValidPrice","decl":{"start":{"line":74,"column":16},"end":{"line":74,"column":29}},"loc":{"start":{"line":74,"column":42},"end":{"line":94,"column":null}},"line":74},"3":{"name":"isValidStock","decl":{"start":{"line":101,"column":16},"end":{"line":101,"column":29}},"loc":{"start":{"line":101,"column":42},"end":{"line":119,"column":null}},"line":101},"4":{"name":"clampPrice","decl":{"start":{"line":124,"column":16},"end":{"line":124,"column":27}},"loc":{"start":{"line":124,"column":40},"end":{"line":126,"column":null}},"line":124},"5":{"name":"clampStock","decl":{"start":{"line":131,"column":16},"end":{"line":131,"column":27}},"loc":{"start":{"line":131,"column":40},"end":{"line":133,"column":null}},"line":131},"6":{"name":"isValidProductName","decl":{"start":{"line":144,"column":16},"end":{"line":144,"column":35}},"loc":{"start":{"line":144,"column":48},"end":{"line":151,"column":null}},"line":144},"7":{"name":"sanitizeProductName","decl":{"start":{"line":156,"column":16},"end":{"line":156,"column":36}},"loc":{"start":{"line":156,"column":49},"end":{"line":162,"column":null}},"line":156},"8":{"name":"isValidCategory","decl":{"start":{"line":169,"column":16},"end":{"line":169,"column":32}},"loc":{"start":{"line":169,"column":45},"end":{"line":176,"column":null}},"line":169},"9":{"name":"isValidUnit","decl":{"start":{"line":183,"column":16},"end":{"line":183,"column":28}},"loc":{"start":{"line":183,"column":41},"end":{"line":190,"column":null}},"line":183}},"branchMap":{"0":{"loc":{"start":{"line":23,"column":2},"end":{"line":25,"column":null}},"type":"if","locations":[{"start":{"line":23,"column":2},"end":{"line":25,"column":null}},{"start":{},"end":{}}],"line":23},"1":{"loc":{"start":{"line":23,"column":6},"end":{"line":23,"column":39}},"type":"binary-expr","locations":[{"start":{"line":23,"column":6},"end":{"line":23,"column":14}},{"start":{"line":23,"column":14},"end":{"line":23,"column":39}}],"line":23},"2":{"loc":{"start":{"line":31,"column":2},"end":{"line":33,"column":null}},"type":"if","locations":[{"start":{"line":31,"column":2},"end":{"line":33,"column":null}},{"start":{},"end":{}}],"line":31},"3":{"loc":{"start":{"line":31,"column":6},"end":{"line":31,"column":73}},"type":"binary-expr","locations":[{"start":{"line":31,"column":6},"end":{"line":31,"column":40}},{"start":{"line":31,"column":40},"end":{"line":31,"column":73}}],"line":31},"4":{"loc":{"start":{"line":38,"column":11},"end":{"line":38,"column":null}},"type":"binary-expr","locations":[{"start":{"line":38,"column":11},"end":{"line":38,"column":42}},{"start":{"line":38,"column":42},"end":{"line":38,"column":null}}],"line":38},"5":{"loc":{"start":{"line":51,"column":2},"end":{"line":53,"column":null}},"type":"if","locations":[{"start":{"line":51,"column":2},"end":{"line":53,"column":null}},{"start":{},"end":{}}],"line":51},"6":{"loc":{"start":{"line":51,"column":6},"end":{"line":51,"column":39}},"type":"binary-expr","locations":[{"start":{"line":51,"column":6},"end":{"line":51,"column":14}},{"start":{"line":51,"column":14},"end":{"line":51,"column":39}}],"line":51},"7":{"loc":{"start":{"line":57,"column":2},"end":{"line":59,"column":null}},"type":"if","locations":[{"start":{"line":57,"column":2},"end":{"line":59,"column":null}},{"start":{},"end":{}}],"line":57},"8":{"loc":{"start":{"line":75,"column":2},"end":{"line":77,"column":null}},"type":"if","locations":[{"start":{"line":75,"column":2},"end":{"line":77,"column":null}},{"start":{},"end":{}}],"line":75},"9":{"loc":{"start":{"line":75,"column":6},"end":{"line":75,"column":49}},"type":"binary-expr","locations":[{"start":{"line":75,"column":6},"end":{"line":75,"column":35}},{"start":{"line":75,"column":35},"end":{"line":75,"column":49}}],"line":75},"10":{"loc":{"start":{"line":79,"column":2},"end":{"line":81,"column":null}},"type":"if","locations":[{"start":{"line":79,"column":2},"end":{"line":81,"column":null}},{"start":{},"end":{}}],"line":79},"11":{"loc":{"start":{"line":83,"column":2},"end":{"line":85,"column":null}},"type":"if","locations":[{"start":{"line":83,"column":2},"end":{"line":85,"column":null}},{"start":{},"end":{}}],"line":83},"12":{"loc":{"start":{"line":88,"column":25},"end":{"line":88,"column":60}},"type":"binary-expr","locations":[{"start":{"line":88,"column":25},"end":{"line":88,"column":55}},{"start":{"line":88,"column":59},"end":{"line":88,"column":60}}],"line":88},"13":{"loc":{"start":{"line":89,"column":2},"end":{"line":91,"column":null}},"type":"if","locations":[{"start":{"line":89,"column":2},"end":{"line":91,"column":null}},{"start":{},"end":{}}],"line":89},"14":{"loc":{"start":{"line":102,"column":2},"end":{"line":104,"column":null}},"type":"if","locations":[{"start":{"line":102,"column":2},"end":{"line":104,"column":null}},{"start":{},"end":{}}],"line":102},"15":{"loc":{"start":{"line":102,"column":6},"end":{"line":102,"column":49}},"type":"binary-expr","locations":[{"start":{"line":102,"column":6},"end":{"line":102,"column":35}},{"start":{"line":102,"column":35},"end":{"line":102,"column":49}}],"line":102},"16":{"loc":{"start":{"line":106,"column":2},"end":{"line":108,"column":null}},"type":"if","locations":[{"start":{"line":106,"column":2},"end":{"line":108,"column":null}},{"start":{},"end":{}}],"line":106},"17":{"loc":{"start":{"line":110,"column":2},"end":{"line":112,"column":null}},"type":"if","locations":[{"start":{"line":110,"column":2},"end":{"line":112,"column":null}},{"start":{},"end":{}}],"line":110},"18":{"loc":{"start":{"line":114,"column":2},"end":{"line":116,"column":null}},"type":"if","locations":[{"start":{"line":114,"column":2},"end":{"line":116,"column":null}},{"start":{},"end":{}}],"line":114},"19":{"loc":{"start":{"line":145,"column":2},"end":{"line":147,"column":null}},"type":"if","locations":[{"start":{"line":145,"column":2},"end":{"line":147,"column":null}},{"start":{},"end":{}}],"line":145},"20":{"loc":{"start":{"line":145,"column":6},"end":{"line":145,"column":43}},"type":"binary-expr","locations":[{"start":{"line":145,"column":6},"end":{"line":145,"column":16}},{"start":{"line":145,"column":16},"end":{"line":145,"column":43}}],"line":145},"21":{"loc":{"start":{"line":150,"column":9},"end":{"line":150,"column":null}},"type":"binary-expr","locations":[{"start":{"line":150,"column":9},"end":{"line":150,"column":31}},{"start":{"line":150,"column":31},"end":{"line":150,"column":null}}],"line":150},"22":{"loc":{"start":{"line":157,"column":2},"end":{"line":159,"column":null}},"type":"if","locations":[{"start":{"line":157,"column":2},"end":{"line":159,"column":null}},{"start":{},"end":{}}],"line":157},"23":{"loc":{"start":{"line":157,"column":6},"end":{"line":157,"column":43}},"type":"binary-expr","locations":[{"start":{"line":157,"column":6},"end":{"line":157,"column":16}},{"start":{"line":157,"column":16},"end":{"line":157,"column":43}}],"line":157},"24":{"loc":{"start":{"line":170,"column":2},"end":{"line":172,"column":null}},"type":"if","locations":[{"start":{"line":170,"column":2},"end":{"line":172,"column":null}},{"start":{},"end":{}}],"line":170},"25":{"loc":{"start":{"line":170,"column":6},"end":{"line":170,"column":43}},"type":"binary-expr","locations":[{"start":{"line":170,"column":6},"end":{"line":170,"column":16}},{"start":{"line":170,"column":16},"end":{"line":170,"column":43}}],"line":170},"26":{"loc":{"start":{"line":175,"column":9},"end":{"line":175,"column":null}},"type":"binary-expr","locations":[{"start":{"line":175,"column":9},"end":{"line":175,"column":31}},{"start":{"line":175,"column":31},"end":{"line":175,"column":null}}],"line":175},"27":{"loc":{"start":{"line":184,"column":2},"end":{"line":186,"column":null}},"type":"if","locations":[{"start":{"line":184,"column":2},"end":{"line":186,"column":null}},{"start":{},"end":{}}],"line":184},"28":{"loc":{"start":{"line":184,"column":6},"end":{"line":184,"column":43}},"type":"binary-expr","locations":[{"start":{"line":184,"column":6},"end":{"line":184,"column":16}},{"start":{"line":184,"column":16},"end":{"line":184,"column":43}}],"line":184},"29":{"loc":{"start":{"line":189,"column":9},"end":{"line":189,"column":null}},"type":"binary-expr","locations":[{"start":{"line":189,"column":9},"end":{"line":189,"column":31}},{"start":{"line":189,"column":31},"end":{"line":189,"column":null}}],"line":189}},"s":{"0":1,"1":1,"2":1,"3":14,"4":1,"5":13,"6":13,"7":8,"8":5,"9":5,"10":5,"11":0,"12":5,"13":1,"14":4,"15":4,"16":2,"17":2,"18":11,"19":1,"20":10,"21":2,"22":8,"23":2,"24":6,"25":11,"26":2,"27":4,"28":9,"29":1,"30":8,"31":3,"32":5,"33":1,"34":4,"35":1,"36":3,"37":4,"38":6,"39":5,"40":1,"41":4,"42":4,"43":4,"44":1,"45":3,"46":5,"47":1,"48":4,"49":4,"50":6,"51":1,"52":5,"53":5},"f":{"0":14,"1":5,"2":11,"3":9,"4":4,"5":6,"6":5,"7":4,"8":5,"9":6},"b":{"0":[1,13],"1":[14,13],"2":[8,5],"3":[13,12],"4":[5,4],"5":[1,4],"6":[5,4],"7":[2,2],"8":[1,10],"9":[11,11],"10":[2,8],"11":[2,6],"12":[6,2],"13":[2,9],"14":[1,8],"15":[9,9],"16":[3,5],"17":[1,4],"18":[1,3],"19":[1,4],"20":[5,4],"21":[4,3],"22":[1,3],"23":[4,3],"24":[1,4],"25":[5,4],"26":[4,3],"27":[1,5],"28":[6,5],"29":[5,4]},"meta":{"lastBranch":30,"lastFunction":10,"lastStatement":54,"seen":{"s:8:25:8:33":0,"s:9:25:9:33":1,"s:10:34:10:Infinity":2,"f:22:16:22:32":0,"b:23:2:25:Infinity:undefined:undefined:undefined:undefined":0,"s:23:2:25:Infinity":3,"b:23:6:23:14:23:14:23:39":1,"s:24:4:24:Infinity":4,"s:28:18:28:Infinity":5,"b:31:2:33:Infinity:undefined:undefined:undefined:undefined":2,"s:31:2:33:Infinity":6,"b:31:6:31:40:31:40:31:73":3,"s:32:4:32:Infinity":7,"s:35:2:41:Infinity":8,"s:36:19:36:Infinity":9,"s:38:4:38:Infinity":10,"b:38:11:38:42:38:42:38:Infinity":4,"s:40:4:40:Infinity":11,"f:50:16:50:33":1,"b:51:2:53:Infinity:undefined:undefined:undefined:undefined":5,"s:51:2:53:Infinity":12,"b:51:6:51:14:51:14:51:39":6,"s:52:4:52:Infinity":13,"s:55:18:55:Infinity":14,"b:57:2:59:Infinity:undefined:undefined:undefined:undefined":7,"s:57:2:59:Infinity":15,"s:58:4:58:Infinity":16,"s:61:2:61:Infinity":17,"f:74:16:74:29":2,"b:75:2:77:Infinity:undefined:undefined:undefined:undefined":8,"s:75:2:77:Infinity":18,"b:75:6:75:35:75:35:75:49":9,"s:76:4:76:Infinity":19,"b:79:2:81:Infinity:undefined:undefined:undefined:undefined":10,"s:79:2:81:Infinity":20,"s:80:4:80:Infinity":21,"b:83:2:85:Infinity:undefined:undefined:undefined:undefined":11,"s:83:2:85:Infinity":22,"s:84:4:84:Infinity":23,"s:88:24:88:69":24,"b:88:25:88:55:88:59:88:60":12,"b:89:2:91:Infinity:undefined:undefined:undefined:undefined":13,"s:89:2:91:Infinity":25,"s:90:4:90:Infinity":26,"s:93:2:93:Infinity":27,"f:101:16:101:29":3,"b:102:2:104:Infinity:undefined:undefined:undefined:undefined":14,"s:102:2:104:Infinity":28,"b:102:6:102:35:102:35:102:49":15,"s:103:4:103:Infinity":29,"b:106:2:108:Infinity:undefined:undefined:undefined:undefined":16,"s:106:2:108:Infinity":30,"s:107:4:107:Infinity":31,"b:110:2:112:Infinity:undefined:undefined:undefined:undefined":17,"s:110:2:112:Infinity":32,"s:111:4:111:Infinity":33,"b:114:2:116:Infinity:undefined:undefined:undefined:undefined":18,"s:114:2:116:Infinity":34,"s:115:4:115:Infinity":35,"s:118:2:118:Infinity":36,"f:124:16:124:27":4,"s:125:2:125:Infinity":37,"f:131:16:131:27":5,"s:132:2:132:Infinity":38,"f:144:16:144:35":6,"b:145:2:147:Infinity:undefined:undefined:undefined:undefined":19,"s:145:2:147:Infinity":39,"b:145:6:145:16:145:16:145:43":20,"s:146:4:146:Infinity":40,"s:149:18:149:Infinity":41,"s:150:2:150:Infinity":42,"b:150:9:150:31:150:31:150:Infinity":21,"f:156:16:156:36":7,"b:157:2:159:Infinity:undefined:undefined:undefined:undefined":22,"s:157:2:159:Infinity":43,"b:157:6:157:16:157:16:157:43":23,"s:158:4:158:Infinity":44,"s:161:2:161:Infinity":45,"f:169:16:169:32":8,"b:170:2:172:Infinity:undefined:undefined:undefined:undefined":24,"s:170:2:172:Infinity":46,"b:170:6:170:16:170:16:170:43":25,"s:171:4:171:Infinity":47,"s:174:18:174:Infinity":48,"s:175:2:175:Infinity":49,"b:175:9:175:31:175:31:175:Infinity":26,"f:183:16:183:28":9,"b:184:2:186:Infinity:undefined:undefined:undefined:undefined":27,"s:184:2:186:Infinity":50,"b:184:6:184:16:184:16:184:43":28,"s:185:4:185:Infinity":51,"s:188:18:188:Infinity":52,"s:189:2:189:Infinity":53,"b:189:9:189:31:189:31:189:Infinity":29}}}
}
