TN:
SF:src\integrations\supabase\client.ts
FNF:0
FNH:0
DA:5,1
DA:6,1
DA:8,1
DA:9,0
DA:10,0
DA:11,0
DA:17,1
LF:7
LH:4
BRDA:6,0,0,1
BRDA:6,0,1,0
BRDA:8,1,0,0
BRDA:8,1,1,1
BRDA:8,2,0,1
BRDA:8,2,1,1
BRDA:10,3,0,0
BRDA:10,3,1,0
BRDA:11,4,0,0
BRDA:11,4,1,0
BRDA:17,5,0,1
BRDA:17,5,1,0
BRDA:17,6,0,1
BRDA:17,6,1,0
BRF:14
BRH:6
end_of_record
TN:
SF:src\lib\validation.ts
FN:22,isValidImageUrl
FN:50,sanitizeImageUrl
FN:74,isValidPrice
FN:101,isValidStock
FN:124,clampPrice
FN:131,clampStock
FN:144,isValidProductName
FN:156,sanitizeProductName
FN:169,isValidCategory
FN:183,isValidUnit
FNF:10
FNH:10
FNDA:14,isValidImageUrl
FNDA:5,sanitizeImageUrl
FNDA:11,isValidPrice
FNDA:9,isValidStock
FNDA:4,clampPrice
FNDA:6,clampStock
FNDA:5,isValidProductName
FNDA:4,sanitizeProductName
FNDA:5,isValidCategory
FNDA:6,isValidUnit
DA:8,1
DA:9,1
DA:10,1
DA:23,14
DA:24,1
DA:28,13
DA:31,13
DA:32,8
DA:35,5
DA:36,5
DA:38,5
DA:40,0
DA:51,5
DA:52,1
DA:55,4
DA:57,4
DA:58,2
DA:61,2
DA:75,11
DA:76,1
DA:79,10
DA:80,2
DA:83,8
DA:84,2
DA:88,6
DA:89,11
DA:90,2
DA:93,4
DA:102,9
DA:103,1
DA:106,8
DA:107,3
DA:110,5
DA:111,1
DA:114,4
DA:115,1
DA:118,3
DA:125,4
DA:132,6
DA:145,5
DA:146,1
DA:149,4
DA:150,4
DA:157,4
DA:158,1
DA:161,3
DA:170,5
DA:171,1
DA:174,4
DA:175,4
DA:184,6
DA:185,1
DA:188,5
DA:189,5
LF:54
LH:53
BRDA:23,0,0,1
BRDA:23,0,1,13
BRDA:23,1,0,14
BRDA:23,1,1,13
BRDA:31,2,0,8
BRDA:31,2,1,5
BRDA:31,3,0,13
BRDA:31,3,1,12
BRDA:38,4,0,5
BRDA:38,4,1,4
BRDA:51,5,0,1
BRDA:51,5,1,4
BRDA:51,6,0,5
BRDA:51,6,1,4
BRDA:57,7,0,2
BRDA:57,7,1,2
BRDA:75,8,0,1
BRDA:75,8,1,10
BRDA:75,9,0,11
BRDA:75,9,1,11
BRDA:79,10,0,2
BRDA:79,10,1,8
BRDA:83,11,0,2
BRDA:83,11,1,6
BRDA:88,12,0,6
BRDA:88,12,1,2
BRDA:89,13,0,2
BRDA:89,13,1,9
BRDA:102,14,0,1
BRDA:102,14,1,8
BRDA:102,15,0,9
BRDA:102,15,1,9
BRDA:106,16,0,3
BRDA:106,16,1,5
BRDA:110,17,0,1
BRDA:110,17,1,4
BRDA:114,18,0,1
BRDA:114,18,1,3
BRDA:145,19,0,1
BRDA:145,19,1,4
BRDA:145,20,0,5
BRDA:145,20,1,4
BRDA:150,21,0,4
BRDA:150,21,1,3
BRDA:157,22,0,1
BRDA:157,22,1,3
BRDA:157,23,0,4
BRDA:157,23,1,3
BRDA:170,24,0,1
BRDA:170,24,1,4
BRDA:170,25,0,5
BRDA:170,25,1,4
BRDA:175,26,0,4
BRDA:175,26,1,3
BRDA:184,27,0,1
BRDA:184,27,1,5
BRDA:184,28,0,6
BRDA:184,28,1,5
BRDA:189,29,0,5
BRDA:189,29,1,4
BRF:60
BRH:60
end_of_record
