TN:
SF:src\lib\csvParser.ts
FN:86,parseCSVFile
FN:96,(anonymous_1)
FN:138,(anonymous_2)
FN:164,(anonymous_3)
FN:226,(anonymous_4)
FN:247,mapColumns
FN:250,(anonymous_6)
FN:267,parseRow
FN:275,(anonymous_8)
FN:386,parseNumber
FN:412,parseImages
FN:418,(anonymous_11)
FN:418,(anonymous_12)
FN:424,(anonymous_13)
FN:425,(anonymous_14)
FN:434,isEmptyObject
FN:435,(anonymous_16)
FNF:17
FNH:15
FNDA:25,parseCSVFile
FNDA:25,(anonymous_1)
FNDA:22,(anonymous_2)
FNDA:105,(anonymous_3)
FNDA:1,(anonymous_4)
FNDA:21,mapColumns
FNDA:99,(anonymous_6)
FNDA:69,parseRow
FNDA:759,(anonymous_8)
FNDA:202,parseNumber
FNDA:64,parseImages
FNDA:0,(anonymous_11)
FNDA:0,(anonymous_12)
FNDA:2,(anonymous_13)
FNDA:2,(anonymous_14)
FNDA:69,isEmptyObject
FNDA:72,(anonymous_16)
DA:14,1
DA:19,1
DA:40,1
DA:81,1
DA:94,25
DA:96,25
DA:98,25
DA:99,1
DA:111,1
DA:115,24
DA:116,24
DA:117,1
DA:129,1
DA:133,23
DA:139,22
DA:141,22
DA:143,22
DA:144,1
DA:156,1
DA:160,21
DA:161,22
DA:164,105
DA:165,22
DA:166,4
DA:178,4
DA:182,17
DA:183,17
DA:185,17
DA:186,69
DA:187,69
DA:190,69
DA:191,0
DA:195,69
DA:197,69
DA:198,5
DA:200,64
DA:204,17
DA:212,0
DA:227,1
DA:248,21
DA:250,21
DA:251,99
DA:253,99
DA:254,99
DA:256,99
DA:257,99
DA:261,21
DA:272,69
DA:275,69
DA:276,759
DA:277,759
DA:281,69
DA:282,69
DA:283,69
DA:284,69
DA:285,69
DA:286,69
DA:287,69
DA:288,69
DA:289,69
DA:290,69
DA:291,69
DA:294,69
DA:295,3
DA:303,69
DA:304,1
DA:312,69
DA:313,0
DA:321,69
DA:322,69
DA:323,1
DA:329,68
DA:330,0
DA:338,69
DA:339,69
DA:340,0
DA:346,69
DA:347,0
DA:356,69
DA:357,5
DA:361,64
DA:362,64
DA:365,64
DA:387,202
DA:388,63
DA:391,139
DA:392,0
DA:395,139
DA:397,139
DA:402,139
DA:403,139
DA:406,0
DA:413,64
DA:414,63
DA:417,1
DA:418,0
DA:421,1
DA:422,1
DA:424,2
DA:425,2
DA:428,0
DA:435,72
LF:102
LH:92
BRDA:88,0,0,25
BRDA:94,1,0,25
BRDA:94,2,0,25
BRDA:94,3,0,25
BRDA:98,4,0,1
BRDA:98,4,1,24
BRDA:116,5,0,1
BRDA:116,5,1,23
BRDA:135,6,0,23
BRDA:135,6,1,0
BRDA:136,7,0,25
BRDA:136,7,1,21
BRDA:143,8,0,1
BRDA:143,8,1,21
BRDA:143,9,0,22
BRDA:143,9,1,22
BRDA:160,10,0,21
BRDA:160,10,1,0
BRDA:165,11,0,4
BRDA:165,11,1,18
BRDA:185,12,0,17
BRDA:185,12,1,70
BRDA:190,13,0,0
BRDA:190,13,1,69
BRDA:190,14,0,69
BRDA:190,14,1,69
BRDA:197,15,0,5
BRDA:197,15,1,64
BRDA:205,16,0,17
BRDA:205,16,1,4
BRDA:218,17,0,0
BRDA:218,17,1,0
BRDA:251,18,0,0
BRDA:251,18,1,99
BRDA:256,19,0,99
BRDA:256,19,1,0
BRDA:277,20,0,350
BRDA:277,20,1,409
BRDA:294,21,0,3
BRDA:294,21,1,66
BRDA:294,22,0,69
BRDA:294,22,1,66
BRDA:294,22,2,66
BRDA:303,23,0,1
BRDA:303,23,1,68
BRDA:303,24,0,69
BRDA:303,24,1,68
BRDA:303,24,2,68
BRDA:312,25,0,0
BRDA:312,25,1,69
BRDA:312,26,0,69
BRDA:312,26,1,69
BRDA:312,26,2,69
BRDA:322,27,0,1
BRDA:322,27,1,68
BRDA:329,28,0,0
BRDA:329,28,1,68
BRDA:339,29,0,0
BRDA:339,29,1,69
BRDA:346,30,0,0
BRDA:346,30,1,69
BRDA:356,31,0,5
BRDA:356,31,1,64
BRDA:372,32,0,64
BRDA:372,32,1,63
BRDA:373,33,0,69
BRDA:373,33,1,63
BRDA:374,34,0,69
BRDA:374,34,1,63
BRDA:375,35,0,69
BRDA:375,35,1,64
BRDA:376,36,0,69
BRDA:376,36,1,63
BRDA:387,37,0,63
BRDA:387,37,1,139
BRDA:387,38,0,202
BRDA:387,38,1,202
BRDA:387,38,2,139
BRDA:391,39,0,0
BRDA:391,39,1,139
BRDA:392,40,0,0
BRDA:392,40,1,0
BRDA:395,41,0,139
BRDA:395,41,1,0
BRDA:403,42,0,1
BRDA:403,42,1,138
BRDA:413,43,0,63
BRDA:413,43,1,1
BRDA:413,44,0,64
BRDA:413,44,1,64
BRDA:413,44,2,1
BRDA:417,45,0,0
BRDA:417,45,1,1
BRDA:418,46,0,0
BRDA:418,46,1,0
BRDA:421,47,0,1
BRDA:421,47,1,0
BRDA:435,48,0,72
BRDA:435,48,1,72
BRDA:435,48,2,72
BRF:100
BRH:81
end_of_record
TN:
SF:src\lib\excelParser.ts
FN:87,parseExcelFile
FN:262,findProductSheet
FN:273,(anonymous_2)
FN:285,mapColumns
FN:288,(anonymous_4)
FN:305,parseRow
FN:313,(anonymous_6)
FN:424,parseNumber
FN:450,parseImages
FN:456,(anonymous_9)
FN:456,(anonymous_10)
FN:462,(anonymous_11)
FN:463,(anonymous_12)
FN:472,isEmptyRow
FN:473,(anonymous_14)
FNF:15
FNH:0
FNDA:0,parseExcelFile
FNDA:0,findProductSheet
FNDA:0,(anonymous_2)
FNDA:0,mapColumns
FNDA:0,(anonymous_4)
FNDA:0,parseRow
FNDA:0,(anonymous_6)
FNDA:0,parseNumber
FNDA:0,parseImages
FNDA:0,(anonymous_9)
FNDA:0,(anonymous_10)
FNDA:0,(anonymous_11)
FNDA:0,(anonymous_12)
FNDA:0,isEmptyRow
FNDA:0,(anonymous_14)
DA:14,1
DA:19,1
DA:24,1
DA:29,1
DA:94,0
DA:97,0
DA:98,0
DA:114,0
DA:115,0
DA:116,0
DA:131,0
DA:133,0
DA:136,0
DA:143,0
DA:144,0
DA:147,0
DA:148,0
DA:149,0
DA:152,0
DA:153,0
DA:169,0
DA:175,0
DA:176,0
DA:192,0
DA:193,0
DA:195,0
DA:196,0
DA:212,0
DA:213,0
DA:215,0
DA:216,0
DA:217,0
DA:220,0
DA:221,0
DA:225,0
DA:227,0
DA:228,0
DA:230,0
DA:234,0
DA:243,0
DA:264,0
DA:265,0
DA:266,0
DA:271,0
DA:272,0
DA:273,0
DA:274,0
DA:279,0
DA:286,0
DA:288,0
DA:289,0
DA:291,0
DA:292,0
DA:294,0
DA:295,0
DA:299,0
DA:310,0
DA:313,0
DA:314,0
DA:315,0
DA:319,0
DA:320,0
DA:321,0
DA:322,0
DA:323,0
DA:324,0
DA:325,0
DA:326,0
DA:327,0
DA:328,0
DA:329,0
DA:332,0
DA:333,0
DA:341,0
DA:342,0
DA:350,0
DA:351,0
DA:359,0
DA:360,0
DA:361,0
DA:367,0
DA:368,0
DA:376,0
DA:377,0
DA:378,0
DA:384,0
DA:385,0
DA:394,0
DA:395,0
DA:399,0
DA:400,0
DA:403,0
DA:425,0
DA:426,0
DA:429,0
DA:430,0
DA:433,0
DA:435,0
DA:440,0
DA:441,0
DA:444,0
DA:451,0
DA:452,0
DA:455,0
DA:456,0
DA:459,0
DA:460,0
DA:462,0
DA:463,0
DA:466,0
DA:473,0
LF:111
LH:4
BRDA:89,0,0,0
BRDA:94,1,0,0
BRDA:94,2,0,0
BRDA:97,3,0,0
BRDA:97,3,1,0
BRDA:115,4,0,0
BRDA:115,4,1,0
BRDA:147,5,0,0
BRDA:147,5,1,0
BRDA:152,6,0,0
BRDA:152,6,1,0
BRDA:175,7,0,0
BRDA:175,7,1,0
BRDA:175,8,0,0
BRDA:175,8,1,0
BRDA:195,9,0,0
BRDA:195,9,1,0
BRDA:195,10,0,0
BRDA:195,10,1,0
BRDA:195,10,2,0
BRDA:195,10,3,0
BRDA:195,10,4,0
BRDA:215,11,0,0
BRDA:215,11,1,0
BRDA:220,12,0,0
BRDA:220,12,1,0
BRDA:220,13,0,0
BRDA:220,13,1,0
BRDA:227,14,0,0
BRDA:227,14,1,0
BRDA:235,15,0,0
BRDA:235,15,1,0
BRDA:249,16,0,0
BRDA:249,16,1,0
BRDA:265,17,0,0
BRDA:265,17,1,0
BRDA:273,18,0,0
BRDA:273,18,1,0
BRDA:279,19,0,0
BRDA:279,19,1,0
BRDA:289,20,0,0
BRDA:289,20,1,0
BRDA:294,21,0,0
BRDA:294,21,1,0
BRDA:315,22,0,0
BRDA:315,22,1,0
BRDA:332,23,0,0
BRDA:332,23,1,0
BRDA:332,24,0,0
BRDA:332,24,1,0
BRDA:332,24,2,0
BRDA:341,25,0,0
BRDA:341,25,1,0
BRDA:341,26,0,0
BRDA:341,26,1,0
BRDA:341,26,2,0
BRDA:350,27,0,0
BRDA:350,27,1,0
BRDA:350,28,0,0
BRDA:350,28,1,0
BRDA:350,28,2,0
BRDA:360,29,0,0
BRDA:360,29,1,0
BRDA:367,30,0,0
BRDA:367,30,1,0
BRDA:377,31,0,0
BRDA:377,31,1,0
BRDA:384,32,0,0
BRDA:384,32,1,0
BRDA:394,33,0,0
BRDA:394,33,1,0
BRDA:410,34,0,0
BRDA:410,34,1,0
BRDA:411,35,0,0
BRDA:411,35,1,0
BRDA:412,36,0,0
BRDA:412,36,1,0
BRDA:413,37,0,0
BRDA:413,37,1,0
BRDA:414,38,0,0
BRDA:414,38,1,0
BRDA:425,39,0,0
BRDA:425,39,1,0
BRDA:425,40,0,0
BRDA:425,40,1,0
BRDA:425,40,2,0
BRDA:429,41,0,0
BRDA:429,41,1,0
BRDA:430,42,0,0
BRDA:430,42,1,0
BRDA:433,43,0,0
BRDA:433,43,1,0
BRDA:441,44,0,0
BRDA:441,44,1,0
BRDA:451,45,0,0
BRDA:451,45,1,0
BRDA:451,46,0,0
BRDA:451,46,1,0
BRDA:451,46,2,0
BRDA:455,47,0,0
BRDA:455,47,1,0
BRDA:456,48,0,0
BRDA:456,48,1,0
BRDA:459,49,0,0
BRDA:459,49,1,0
BRDA:473,50,0,0
BRDA:473,50,1,0
BRDA:473,50,2,0
BRF:108
BRH:0
end_of_record
TN:
SF:src\lib\orderUtils.ts
FN:13,validateOrderForRepeat
FN:22,(anonymous_1)
FN:36,(anonymous_2)
FN:52,(anonymous_3)
FN:130,(anonymous_4)
FN:135,(anonymous_5)
FN:162,calculatePriceDifference
FN:166,(anonymous_7)
FN:171,(anonymous_8)
FN:183,formatPrice
FN:192,getUnavailableReasonMessage
FNF:11
FNH:8
FNDA:1,validateOrderForRepeat
FNDA:3,(anonymous_1)
FNDA:3,(anonymous_2)
FNDA:3,(anonymous_3)
FNDA:3,(anonymous_4)
FNDA:3,(anonymous_5)
FNDA:0,calculatePriceDifference
FNDA:0,(anonymous_7)
FNDA:0,(anonymous_8)
FNDA:2,formatPrice
FNDA:1,getUnavailableReasonMessage
DA:18,1
DA:19,1
DA:22,3
DA:25,1
DA:30,1
DA:31,0
DA:32,0
DA:36,3
DA:39,1
DA:45,1
DA:46,0
DA:47,0
DA:51,1
DA:52,3
DA:56,1
DA:57,3
DA:58,3
DA:61,3
DA:62,0
DA:67,0
DA:71,3
DA:72,0
DA:77,0
DA:81,3
DA:82,0
DA:87,0
DA:91,3
DA:92,0
DA:97,0
DA:101,3
DA:102,0
DA:107,0
DA:111,3
DA:115,3
DA:116,3
DA:118,3
DA:130,1
DA:131,3
DA:132,3
DA:135,1
DA:136,3
DA:139,1
DA:140,1
DA:143,1
DA:145,1
DA:166,0
DA:167,0
DA:168,0
DA:171,0
DA:172,0
DA:175,0
DA:184,2
DA:193,1
DA:201,1
LF:54
LH:34
BRDA:16,0,0,1
BRDA:30,1,0,0
BRDA:30,1,1,1
BRDA:36,2,0,1
BRDA:36,2,1,0
BRDA:45,3,0,0
BRDA:45,3,1,1
BRDA:52,4,0,1
BRDA:52,4,1,0
BRDA:61,5,0,0
BRDA:61,5,1,3
BRDA:71,6,0,0
BRDA:71,6,1,3
BRDA:81,7,0,0
BRDA:81,7,1,3
BRDA:91,8,0,0
BRDA:91,8,1,3
BRDA:101,9,0,0
BRDA:101,9,1,3
BRDA:111,10,0,0
BRDA:111,10,1,3
BRDA:111,11,0,3
BRDA:111,11,1,0
BRDA:115,12,0,3
BRDA:115,12,1,3
BRDA:125,13,0,3
BRDA:125,13,1,0
BRDA:131,14,0,3
BRDA:131,14,1,3
BRDA:167,15,0,0
BRDA:167,15,1,0
BRDA:201,16,0,1
BRDA:201,16,1,0
BRF:33
BRH:18
end_of_record
TN:
SF:src\lib\productUtils.ts
FN:11,mergeProductsWithRegion
FN:16,(anonymous_1)
FN:18,(anonymous_2)
FN:45,sortByAvailability
FN:48,(anonymous_4)
FN:69,getRegionPriceInfo
FN:89,getPriceChangeLabel
FN:103,getStockLabel
FNF:8
FNH:6
FNDA:1,mergeProductsWithRegion
FNDA:1,(anonymous_1)
FNDA:2,(anonymous_2)
FNDA:1,sortByAvailability
FNDA:4,(anonymous_4)
FNDA:0,getRegionPriceInfo
FNDA:0,getPriceChangeLabel
FNDA:3,getStockLabel
DA:16,1
DA:18,1
DA:19,2
DA:21,2
DA:48,1
DA:50,4
DA:51,4
DA:52,2
DA:55,2
DA:56,4
DA:59,4
DA:60,0
DA:62,0
DA:72,0
DA:74,0
DA:90,0
DA:92,0
DA:94,0
DA:96,0
DA:104,3
DA:105,2
DA:106,1
LF:22
LH:14
BRDA:23,0,0,1
BRDA:23,0,1,1
BRDA:31,1,0,1
BRDA:31,1,1,1
BRDA:50,2,0,0
BRDA:50,2,1,4
BRDA:50,3,0,4
BRDA:50,3,1,0
BRDA:51,4,0,2
BRDA:51,4,1,2
BRDA:51,5,0,4
BRDA:51,5,1,4
BRDA:52,6,0,0
BRDA:52,6,1,2
BRDA:52,7,0,2
BRDA:52,7,1,0
BRDA:55,8,0,2
BRDA:55,8,1,0
BRDA:56,9,0,4
BRDA:56,9,1,0
BRDA:59,10,0,2
BRDA:59,10,1,2
BRDA:59,11,0,4
BRDA:59,11,1,2
BRDA:60,12,0,0
BRDA:60,12,1,0
BRDA:60,13,0,0
BRDA:60,13,1,0
BRDA:72,14,0,0
BRDA:72,14,1,0
BRDA:81,15,0,0
BRDA:81,15,1,0
BRDA:90,16,0,0
BRDA:90,16,1,0
BRDA:90,16,2,0
BRDA:104,17,0,1
BRDA:104,17,1,2
BRDA:105,18,0,1
BRDA:105,18,1,1
BRF:39
BRH:22
end_of_record
TN:
SF:src\lib\productValidator.ts
FN:69,validateProductRow
FN:345,(anonymous_1)
FN:382,validateProductRows
FN:389,(anonymous_3)
FN:405,isValidURL
FN:417,normalizeProductRow
FNF:6
FNH:6
FNDA:13,validateProductRow
FNDA:2,(anonymous_1)
FNDA:5,validateProductRows
FNDA:12,(anonymous_3)
FNDA:2,isValidURL
FNDA:4,normalizeProductRow
DA:13,2
DA:30,2
DA:35,2
DA:40,2
DA:79,13
DA:81,13
DA:82,13
DA:85,13
DA:86,2
DA:92,11
DA:93,0
DA:99,11
DA:100,0
DA:109,13
DA:110,0
DA:117,13
DA:118,13
DA:119,1
DA:129,13
DA:130,0
DA:137,13
DA:138,13
DA:139,0
DA:149,13
DA:150,0
DA:156,13
DA:157,1
DA:163,12
DA:164,0
DA:173,13
DA:174,0
DA:180,13
DA:181,0
DA:187,13
DA:188,0
DA:197,13
DA:198,13
DA:199,0
DA:205,13
DA:206,0
DA:212,13
DA:213,0
DA:223,13
DA:224,13
DA:225,0
DA:231,13
DA:232,0
DA:242,13
DA:243,13
DA:244,0
DA:251,13
DA:253,13
DA:260,13
DA:261,13
DA:262,0
DA:273,13
DA:274,13
DA:275,0
DA:282,13
DA:284,13
DA:292,13
DA:293,13
DA:294,0
DA:305,13
DA:306,5
DA:307,0
DA:313,5
DA:314,0
DA:324,13
DA:325,0
DA:333,13
DA:334,13
DA:335,0
DA:344,13
DA:345,13
DA:346,2
DA:347,0
DA:353,2
DA:354,1
DA:360,1
DA:361,1
DA:372,13
DA:386,5
DA:387,5
DA:389,5
DA:390,12
DA:391,12
DA:392,12
DA:395,5
DA:406,2
DA:407,2
DA:408,2
DA:410,1
DA:418,4
LF:94
LH:70
BRDA:72,0,0,13
BRDA:75,1,0,13
BRDA:76,2,0,13
BRDA:77,3,0,13
BRDA:78,4,0,13
BRDA:85,5,0,2
BRDA:85,5,1,11
BRDA:85,6,0,13
BRDA:85,6,1,11
BRDA:92,7,0,0
BRDA:92,7,1,11
BRDA:99,8,0,0
BRDA:99,8,1,11
BRDA:109,9,0,0
BRDA:109,9,1,13
BRDA:109,10,0,13
BRDA:109,10,1,13
BRDA:118,11,0,1
BRDA:118,11,1,12
BRDA:129,12,0,0
BRDA:129,12,1,13
BRDA:129,13,0,13
BRDA:129,13,1,13
BRDA:138,14,0,0
BRDA:138,14,1,13
BRDA:149,15,0,0
BRDA:149,15,1,13
BRDA:149,16,0,13
BRDA:149,16,1,13
BRDA:156,17,0,1
BRDA:156,17,1,12
BRDA:163,18,0,0
BRDA:163,18,1,12
BRDA:173,19,0,0
BRDA:173,19,1,13
BRDA:173,20,0,13
BRDA:173,20,1,13
BRDA:180,21,0,0
BRDA:180,21,1,13
BRDA:187,22,0,0
BRDA:187,22,1,13
BRDA:197,23,0,13
BRDA:197,23,1,0
BRDA:197,24,0,13
BRDA:197,24,1,13
BRDA:198,25,0,0
BRDA:198,25,1,13
BRDA:198,26,0,13
BRDA:198,26,1,13
BRDA:205,27,0,0
BRDA:205,27,1,13
BRDA:212,28,0,0
BRDA:212,28,1,13
BRDA:223,29,0,13
BRDA:223,29,1,0
BRDA:223,30,0,13
BRDA:223,30,1,13
BRDA:224,31,0,0
BRDA:224,31,1,13
BRDA:231,32,0,0
BRDA:231,32,1,13
BRDA:242,33,0,13
BRDA:242,33,1,0
BRDA:242,34,0,13
BRDA:242,34,1,13
BRDA:243,35,0,0
BRDA:243,35,1,13
BRDA:260,36,0,13
BRDA:260,36,1,0
BRDA:261,37,0,0
BRDA:261,37,1,13
BRDA:273,38,0,13
BRDA:273,38,1,0
BRDA:273,39,0,13
BRDA:273,39,1,13
BRDA:274,40,0,0
BRDA:274,40,1,13
BRDA:292,41,0,13
BRDA:292,41,1,0
BRDA:293,42,0,0
BRDA:293,42,1,13
BRDA:305,43,0,5
BRDA:305,43,1,8
BRDA:305,44,0,13
BRDA:305,44,1,13
BRDA:306,45,0,0
BRDA:306,45,1,5
BRDA:313,46,0,0
BRDA:313,46,1,5
BRDA:324,47,0,0
BRDA:324,47,1,13
BRDA:324,48,0,13
BRDA:324,48,1,0
BRDA:324,48,2,0
BRDA:333,49,0,13
BRDA:333,49,1,0
BRDA:333,50,0,13
BRDA:333,50,1,13
BRDA:334,51,0,0
BRDA:334,51,1,13
BRDA:344,52,0,13
BRDA:344,52,1,0
BRDA:346,53,0,0
BRDA:346,53,1,2
BRDA:353,54,0,1
BRDA:353,54,1,1
BRDA:360,55,0,1
BRDA:360,55,1,0
BRDA:384,56,0,5
BRDA:424,57,0,4
BRDA:424,57,1,0
BRDA:425,58,0,4
BRDA:425,58,1,1
BRDA:426,59,0,4
BRDA:426,59,1,1
BRDA:427,60,0,4
BRDA:427,60,1,1
BRDA:428,61,0,4
BRDA:428,61,1,2
BRDA:429,62,0,4
BRDA:429,62,1,0
BRF:121
BRH:84
end_of_record
TN:
SF:src\lib\utils.ts
FN:4,cn
FN:12,generateSlug
FN:28,generateUniqueSlug
FNF:3
FNH:2
FNDA:0,cn
FNDA:46,generateSlug
FNDA:6,generateUniqueSlug
DA:5,0
DA:13,46
DA:29,6
DA:30,6
DA:33,6
DA:34,4
DA:35,4
DA:38,6
LF:8
LH:7
BRDA:28,0,0,6
BRF:1
BRH:1
end_of_record
TN:
SF:src\utils\passwordUtils.ts
FN:10,generatePassword
FN:31,(anonymous_1)
FN:39,validatePassword
FN:65,encryptPassword
FN:81,decryptPassword
FN:101,storeTemporaryPassword
FN:115,getTemporaryPassword
FN:130,removeTemporaryPassword
FNF:8
FNH:5
FNDA:2,generatePassword
FNDA:69,(anonymous_1)
FNDA:2,validatePassword
FNDA:2,encryptPassword
FNDA:2,decryptPassword
FNDA:0,storeTemporaryPassword
FNDA:0,getTemporaryPassword
FNDA:0,removeTemporaryPassword
DA:11,2
DA:12,2
DA:13,2
DA:14,2
DA:16,2
DA:19,2
DA:20,2
DA:21,2
DA:22,2
DA:23,2
DA:26,2
DA:27,19
DA:31,69
DA:40,2
DA:42,2
DA:43,1
DA:46,2
DA:47,0
DA:50,2
DA:67,2
DA:68,2
DA:69,32
DA:70,32
DA:72,2
DA:82,2
DA:83,2
DA:84,2
DA:85,2
DA:86,32
DA:87,32
DA:89,2
DA:91,0
DA:92,0
DA:102,0
DA:103,0
DA:104,0
DA:106,0
DA:116,0
DA:117,0
DA:118,0
DA:119,0
DA:121,0
DA:122,0
DA:131,0
LF:44
LH:30
BRDA:10,0,0,2
BRDA:42,1,0,1
BRDA:42,1,1,1
BRDA:46,2,0,0
BRDA:46,2,1,2
BRDA:65,3,0,2
BRDA:81,4,0,2
BRDA:118,5,0,0
BRDA:118,5,1,0
BRF:9
BRH:6
end_of_record
